{"additional":"properties","are":"passed along","level":"info","message":"Pass an object and this works","service":"your-service-name","timestamp":"2024-10-06 00:18:50"}
{"additional":"properties","are":"passed along","level":"info","message":"Use a helper method if you want","service":"your-service-name","timestamp":"2024-10-06 00:18:50"}
{"additional":"properties","are":"passed along","level":"info","message":"Pass a message and this works","service":"your-service-name","timestamp":"2024-10-06 00:18:50"}
{"additional":"properties","are":"passed along","level":"info","message":"Use a helper method if you want","service":"your-service-name","timestamp":"2024-10-06 00:18:50"}
{"level":"info","message":"test message my string","service":"your-service-name","timestamp":"2024-10-06 00:18:50"}
{"level":"info","message":"test message 123","service":"your-service-name","timestamp":"2024-10-06 00:18:50"}
{"level":"info","message":"test message first, second","number":123,"service":"your-service-name","timestamp":"2024-10-06 00:18:50"}
{"level":"info","message":"Found error at Sun Oct 06 2024 00:18:50 GMT+0100 (British Summer Time)","service":"your-service-name","timestamp":"2024-10-06 00:18:50"}
{"level":"info","message":"Found error at Error: chill winston\n    at file:///mnt/nfs/debian/unique/projects/controller_js/logger.js:92:40\n    at ModuleJob.run (node:internal/modules/esm/module_job:234:25)\n    at async ModuleLoader.import (node:internal/modules/esm/loader:473:24)\n    at async asyncRunEntryPointWithESMLoader (node:internal/modules/run_main:123:5)","service":"your-service-name","timestamp":"2024-10-06 00:18:50"}
{"level":"info","message":"Found error at /WUT/","service":"your-service-name","timestamp":"2024-10-06 00:18:50"}
{"level":"info","message":"Found error at true","service":"your-service-name","timestamp":"2024-10-06 00:18:50"}
{"level":"info","message":"Found error at 100","service":"your-service-name","timestamp":"2024-10-06 00:18:50"}
{"level":"info","message":"Found error at [ '1, 2, 3' ]","service":"your-service-name","timestamp":"2024-10-06 00:18:50"}
{"level":"warn","message":"Error passed as info","service":"your-service-name","stack":"Error: Error passed as info\n    at file:///mnt/nfs/debian/unique/projects/controller_js/logger.js:102:13\n    at ModuleJob.run (node:internal/modules/esm/module_job:234:25)\n    at async ModuleLoader.import (node:internal/modules/esm/loader:473:24)\n    at async asyncRunEntryPointWithESMLoader (node:internal/modules/run_main:123:5)","timestamp":"2024-10-06 00:18:50"}
{"level":"error","message":"Error passed as message","service":"your-service-name","stack":"Error: Error passed as message\n    at file:///mnt/nfs/debian/unique/projects/controller_js/logger.js:103:21\n    at ModuleJob.run (node:internal/modules/esm/module_job:234:25)\n    at async ModuleLoader.import (node:internal/modules/esm/loader:473:24)\n    at async asyncRunEntryPointWithESMLoader (node:internal/modules/run_main:123:5)","timestamp":"2024-10-06 00:18:50"}
{"level":"warn","message":"Maybe important error:  Error passed as meta","service":"your-service-name","stack":"Error: Error passed as meta\n    at file:///mnt/nfs/debian/unique/projects/controller_js/logger.js:105:40\n    at ModuleJob.run (node:internal/modules/esm/module_job:234:25)\n    at async ModuleLoader.import (node:internal/modules/esm/loader:473:24)\n    at async asyncRunEntryPointWithESMLoader (node:internal/modules/run_main:123:5)","timestamp":"2024-10-06 00:18:50"}
{"level":"error","message":"Important error:  Error passed as meta","service":"your-service-name","stack":"Error: Error passed as meta\n    at file:///mnt/nfs/debian/unique/projects/controller_js/logger.js:106:42\n    at ModuleJob.run (node:internal/modules/esm/module_job:234:25)\n    at async ModuleLoader.import (node:internal/modules/esm/loader:473:24)\n    at async asyncRunEntryPointWithESMLoader (node:internal/modules/run_main:123:5)","timestamp":"2024-10-06 00:18:50"}
{"level":"error","message":"Error as info","service":"your-service-name","stack":"Error: Error as info\n    at file:///mnt/nfs/debian/unique/projects/controller_js/logger.js:108:14\n    at ModuleJob.run (node:internal/modules/esm/module_job:234:25)\n    at async ModuleLoader.import (node:internal/modules/esm/loader:473:24)\n    at async asyncRunEntryPointWithESMLoader (node:internal/modules/run_main:123:5)","timestamp":"2024-10-06 00:18:50"}
{"additional":"properties","are":"passed along","level":"info","message":"Pass an object and this works","service":"your-service-name","timestamp":"2024-10-06 00:22:59"}
{"additional":"properties","are":"passed along","level":"info","message":"Use a helper method if you want","service":"your-service-name","timestamp":"2024-10-06 00:22:59"}
{"additional":"properties","are":"passed along","level":"info","message":"Pass a message and this works","service":"your-service-name","timestamp":"2024-10-06 00:22:59"}
{"additional":"properties","are":"passed along","level":"info","message":"Use a helper method if you want","service":"your-service-name","timestamp":"2024-10-06 00:22:59"}
{"level":"info","message":"test message my string","service":"your-service-name","timestamp":"2024-10-06 00:22:59"}
{"level":"info","message":"test message 123","service":"your-service-name","timestamp":"2024-10-06 00:22:59"}
{"level":"info","message":"test message first, second","number":123,"service":"your-service-name","timestamp":"2024-10-06 00:22:59"}
{"additional":"properties","are":"passed along","level":"info","message":"Pass an object and this works","service":"your-service-name","timestamp":"2024-10-06 00:23:17"}
{"additional":"properties","are":"passed along","level":"info","message":"Use a helper method if you want","service":"your-service-name","timestamp":"2024-10-06 00:23:17"}
{"additional":"properties","are":"passed along","level":"info","message":"Pass a message and this works","service":"your-service-name","timestamp":"2024-10-06 00:23:17"}
{"additional":"properties","are":"passed along","level":"info","message":"Use a helper method if you want","service":"your-service-name","timestamp":"2024-10-06 00:23:17"}
{"additional":"properties","are":"passed along","level":"info","message":"Pass an object and this works","service":"your-service-name","timestamp":"2024-10-06 00:24:04"}
{"additional":"properties","are":"passed along","level":"info","message":"Use a helper method if you want","service":"your-service-name","timestamp":"2024-10-06 00:24:04"}
{"additional":"properties","are":"passed along","level":"info","message":"Pass a message and this works","service":"your-service-name","timestamp":"2024-10-06 00:24:04"}
{"additional":"properties","are":"passed along","level":"info","message":"Use a helper method if you want","service":"your-service-name","timestamp":"2024-10-06 00:24:04"}
{"level":"info","message":"temp: 21.0°C, humidity: 60.0%","service":"your-service-name","timestamp":"2024-10-06 00:24:05"}
{"level":"info","message":"temp: 21.0°C, humidity: 60.0%","service":"your-service-name","timestamp":"2024-10-06 00:24:06"}
{"level":"info","message":"temp: 21.0°C, humidity: 60.0%","service":"your-service-name","timestamp":"2024-10-06 00:24:07"}
{"level":"info","message":"temp: 21.0°C, humidity: 60.0%","service":"your-service-name","timestamp":"2024-10-06 00:24:08"}
{"level":"info","message":"temp: 21.0°C, humidity: 60.0%","service":"your-service-name","timestamp":"2024-10-06 00:24:09"}
{"level":"info","message":"temp: 21.0°C, humidity: 60.0%","service":"your-service-name","timestamp":"2024-10-06 00:24:10"}
{"level":"info","message":"temp: 21.0°C, humidity: 60.0%","service":"your-service-name","timestamp":"2024-10-06 00:24:11"}
{"level":"info","message":"temp: 21.0°C, humidity: 60.0%","service":"your-service-name","timestamp":"2024-10-06 00:24:12"}
{"level":"info","message":"temp: 21.0°C, humidity: 60.0%","service":"your-service-name","timestamp":"2024-10-06 00:24:13"}
{"level":"info","message":"temp: 21.0°C, humidity: 60.0%","service":"your-service-name","timestamp":"2024-10-06 00:24:14"}
{"level":"info","message":"temp: 21.0°C, humidity: 60.0%","service":"your-service-name","timestamp":"2024-10-06 00:24:15"}
{"level":"info","message":"temp: 21.0°C, humidity: 60.0%","service":"your-service-name","timestamp":"2024-10-06 00:24:16"}
{"level":"info","message":"temp: 21.0°C, humidity: 60.0%","service":"your-service-name","timestamp":"2024-10-06 00:24:17"}
{"level":"info","message":"temp: 21.0°C, humidity: 60.0%","service":"your-service-name","timestamp":"2024-10-06 00:24:18"}
{"level":"info","message":"temp: 21.0°C, humidity: 60.0%","service":"your-service-name","timestamp":"2024-10-06 00:24:19"}
{"level":"info","message":"temp: 21.0°C, humidity: 60.0%","service":"your-service-name","timestamp":"2024-10-06 00:24:20"}
{"level":"info","message":"temp: 21.0°C, humidity: 60.0%","service":"your-service-name","timestamp":"2024-10-06 00:24:21"}
{"level":"info","message":"temp: 21.0°C, humidity: 60.0%","service":"your-service-name","timestamp":"2024-10-06 00:24:22"}
{"level":"info","message":"temp: 21.0°C, humidity: 60.0%","service":"your-service-name","timestamp":"2024-10-06 00:24:23"}
{"level":"info","message":"temp: 21.0°C, humidity: 60.0%","service":"your-service-name","timestamp":"2024-10-06 00:24:24"}
{"level":"info","message":"temp: 21.0°C, humidity: 60.0%","service":"your-service-name","timestamp":"2024-10-06 00:24:25"}
{"level":"info","message":"temp: 21.0°C, humidity: 60.0%","service":"your-service-name","timestamp":"2024-10-06 00:24:26"}
{"level":"info","message":"temp: 21.0°C, humidity: 60.0%","service":"your-service-name","timestamp":"2024-10-06 00:24:27"}
{"level":"info","message":"temp: 21.0°C, humidity: 60.0%","service":"your-service-name","timestamp":"2024-10-06 00:24:28"}
{"level":"info","message":"temp: 21.0°C, humidity: 60.0%","service":"your-service-name","timestamp":"2024-10-06 00:24:29"}
{"level":"info","message":"temp: 21.0°C, humidity: 60.0%","service":"your-service-name","timestamp":"2024-10-06 00:24:30"}
{"level":"info","message":"temp: 21.0°C, humidity: 60.0%","service":"your-service-name","timestamp":"2024-10-06 00:24:31"}
{"level":"info","message":"temp: 21.0°C, humidity: 60.0%","service":"your-service-name","timestamp":"2024-10-06 00:24:32"}
{"level":"info","message":"temp: 21.0°C, humidity: 60.0%","service":"your-service-name","timestamp":"2024-10-06 00:24:33"}
{"level":"info","message":"temp: 21.0°C, humidity: 60.0%","service":"your-service-name","timestamp":"2024-10-06 00:24:34"}
{"level":"info","message":"temp: 21.0°C, humidity: 60.0%","service":"your-service-name","timestamp":"2024-10-06 00:24:35"}
{"level":"info","message":"temp: 21.0°C, humidity: 60.0%","service":"your-service-name","timestamp":"2024-10-06 00:24:36"}
{"level":"info","message":"temp: 21.0°C, humidity: 60.0%","service":"your-service-name","timestamp":"2024-10-06 00:24:37"}
{"level":"info","message":"temp: 21.0°C, humidity: 60.0%","service":"your-service-name","timestamp":"2024-10-06 00:24:38"}
{"level":"info","message":"temp: 21.0°C, humidity: 60.0%","service":"your-service-name","timestamp":"2024-10-06 00:24:39"}
{"level":"info","message":"temp: 21.0°C, humidity: 60.0%","service":"your-service-name","timestamp":"2024-10-06 00:24:40"}
{"level":"info","message":"temp: 21.0°C, humidity: 60.0%","service":"your-service-name","timestamp":"2024-10-06 00:24:41"}
{"level":"info","message":"temp: 21.0°C, humidity: 60.0%","service":"your-service-name","timestamp":"2024-10-06 00:24:42"}
{"level":"info","message":"temp: 21.0°C, humidity: 60.0%","service":"your-service-name","timestamp":"2024-10-06 00:24:43"}
{"level":"info","message":"temp: 21.0°C, humidity: 60.0%","service":"your-service-name","timestamp":"2024-10-06 00:24:44"}
{"level":"info","message":"temp: 21.0°C, humidity: 60.0%","service":"your-service-name","timestamp":"2024-10-06 00:24:45"}
{"level":"info","message":"temp: 21.0°C, humidity: 60.0%","service":"your-service-name","timestamp":"2024-10-06 00:24:46"}
{"level":"info","message":"temp: 21.0°C, humidity: 60.0%","service":"your-service-name","timestamp":"2024-10-06 00:24:47"}
{"level":"info","message":"temp: 21.0°C, humidity: 60.0%","service":"your-service-name","timestamp":"2024-10-06 00:24:48"}
{"level":"info","message":"temp: 21.0°C, humidity: 60.0%","service":"your-service-name","timestamp":"2024-10-06 00:24:49"}
{"level":"info","message":"temp: 21.0°C, humidity: 60.0%","service":"your-service-name","timestamp":"2024-10-06 00:24:50"}
{"level":"info","message":"temp: 21.0°C, humidity: 60.0%","service":"your-service-name","timestamp":"2024-10-06 00:24:51"}
{"level":"info","message":"temp: 21.0°C, humidity: 60.0%","service":"your-service-name","timestamp":"2024-10-06 00:24:52"}
{"level":"info","message":"temp: 21.0°C, humidity: 60.0%","service":"your-service-name","timestamp":"2024-10-06 00:24:53"}
{"level":"info","message":"temp: 21.0°C, humidity: 60.0%","service":"your-service-name","timestamp":"2024-10-06 00:24:54"}
{"level":"info","message":"temp: 21.0°C, humidity: 60.0%","service":"your-service-name","timestamp":"2024-10-06 00:24:55"}
{"level":"info","message":"temp: 21.0°C, humidity: 60.0%","service":"your-service-name","timestamp":"2024-10-06 00:24:56"}
{"level":"info","message":"temp: 21.0°C, humidity: 60.0%","service":"your-service-name","timestamp":"2024-10-06 00:24:57"}
{"level":"info","message":"temp: 21.0°C, humidity: 60.0%","service":"your-service-name","timestamp":"2024-10-06 00:24:58"}
{"level":"info","message":"temp: 21.0°C, humidity: 60.0%","service":"your-service-name","timestamp":"2024-10-06 00:24:59"}
{"level":"info","message":"temp: 21.0°C, humidity: 60.0%","service":"your-service-name","timestamp":"2024-10-06 00:25:00"}
{"level":"info","message":"temp: 21.0°C, humidity: 60.0%","service":"your-service-name","timestamp":"2024-10-06 00:25:01"}
{"level":"info","message":"temp: 21.0°C, humidity: 60.0%","service":"your-service-name","timestamp":"2024-10-06 00:25:02"}
{"level":"info","message":"temp: 21.0°C, humidity: 60.0%","service":"your-service-name","timestamp":"2024-10-06 00:25:03"}
{"level":"info","message":"temp: 21.0°C, humidity: 60.0%","service":"your-service-name","timestamp":"2024-10-06 00:25:04"}
{"level":"info","message":"temp: 21.0°C, humidity: 60.0%","service":"your-service-name","timestamp":"2024-10-06 00:25:05"}
{"level":"info","message":"temp: 21.0°C, humidity: 60.0%","service":"your-service-name","timestamp":"2024-10-06 00:25:06"}
{"level":"info","message":"temp: 21.0°C, humidity: 60.0%","service":"your-service-name","timestamp":"2024-10-06 00:25:07"}
{"level":"info","message":"temp: 21.0°C, humidity: 60.0%","service":"your-service-name","timestamp":"2024-10-06 00:25:08"}
{"level":"info","message":"temp: 21.0°C, humidity: 60.0%","service":"your-service-name","timestamp":"2024-10-06 00:25:09"}
{"level":"info","message":"temp: 21.0°C, humidity: 60.0%","service":"your-service-name","timestamp":"2024-10-06 00:25:10"}
{"level":"info","message":"temp: 21.0°C, humidity: 60.0%","service":"your-service-name","timestamp":"2024-10-06 00:25:11"}
{"level":"info","message":"temp: 21.0°C, humidity: 60.0%","service":"your-service-name","timestamp":"2024-10-06 00:25:12"}
{"level":"info","message":"temp: 21.0°C, humidity: 60.0%","service":"your-service-name","timestamp":"2024-10-06 00:25:13"}
{"level":"info","message":"temp: 21.0°C, humidity: 60.0%","service":"your-service-name","timestamp":"2024-10-06 00:25:14"}
{"level":"info","message":"temp: 21.0°C, humidity: 60.0%","service":"your-service-name","timestamp":"2024-10-06 00:25:15"}
{"level":"info","message":"temp: 21.0°C, humidity: 60.0%","service":"your-service-name","timestamp":"2024-10-06 00:25:16"}
{"level":"info","message":"temp: 21.0°C, humidity: 60.0%","service":"your-service-name","timestamp":"2024-10-06 00:25:17"}
{"level":"info","message":"temp: 21.0°C, humidity: 60.0%","service":"your-service-name","timestamp":"2024-10-06 00:25:18"}
{"level":"info","message":"temp: 21.0°C, humidity: 60.0%","service":"your-service-name","timestamp":"2024-10-06 00:25:19"}
{"level":"info","message":"temp: 21.0°C, humidity: 60.0%","service":"your-service-name","timestamp":"2024-10-06 00:25:20"}
{"level":"info","message":"temp: 21.0°C, humidity: 60.0%","service":"your-service-name","timestamp":"2024-10-06 00:25:21"}
{"level":"info","message":"temp: 21.0°C, humidity: 60.0%","service":"your-service-name","timestamp":"2024-10-06 00:25:22"}
{"level":"info","message":"temp: 21.0°C, humidity: 60.0%","service":"your-service-name","timestamp":"2024-10-06 00:25:23"}
{"level":"info","message":"temp: 21.0°C, humidity: 60.0%","service":"your-service-name","timestamp":"2024-10-06 00:25:24"}
{"level":"info","message":"temp: 21.0°C, humidity: 60.0%","service":"your-service-name","timestamp":"2024-10-06 00:25:25"}
{"level":"info","message":"temp: 21.0°C, humidity: 60.0%","service":"your-service-name","timestamp":"2024-10-06 00:25:26"}
{"level":"info","message":"temp: 21.0°C, humidity: 60.0%","service":"your-service-name","timestamp":"2024-10-06 00:25:27"}
{"level":"info","message":"temp: 21.0°C, humidity: 60.0%","service":"your-service-name","timestamp":"2024-10-06 00:25:28"}
{"level":"info","message":"temp: 21.0°C, humidity: 60.0%","service":"your-service-name","timestamp":"2024-10-06 00:25:29"}
{"level":"info","message":"temp: 21.0°C, humidity: 60.0%","service":"your-service-name","timestamp":"2024-10-06 00:25:30"}
{"level":"info","message":"temp: 21.0°C, humidity: 60.0%","service":"your-service-name","timestamp":"2024-10-06 00:25:31"}
{"level":"info","message":"temp: 21.0°C, humidity: 60.0%","service":"your-service-name","timestamp":"2024-10-06 00:25:32"}
{"level":"info","message":"temp: 21.0°C, humidity: 60.0%","service":"your-service-name","timestamp":"2024-10-06 00:25:33"}
{"level":"info","message":"temp: 21.0°C, humidity: 60.0%","service":"your-service-name","timestamp":"2024-10-06 00:25:34"}
{"level":"info","message":"temp: 21.0°C, humidity: 60.0%","service":"your-service-name","timestamp":"2024-10-06 00:25:35"}
{"level":"info","message":"temp: 21.0°C, humidity: 60.0%","service":"your-service-name","timestamp":"2024-10-06 00:25:36"}
{"level":"info","message":"temp: 21.0°C, humidity: 60.0%","service":"your-service-name","timestamp":"2024-10-06 00:25:37"}
{"level":"info","message":"temp: 21.0°C, humidity: 60.0%","service":"your-service-name","timestamp":"2024-10-06 00:25:38"}
{"level":"info","message":"temp: 21.0°C, humidity: 60.0%","service":"your-service-name","timestamp":"2024-10-06 00:25:39"}
{"level":"info","message":"temp: 21.0°C, humidity: 60.0%","service":"your-service-name","timestamp":"2024-10-06 00:25:40"}
{"level":"info","message":"temp: 21.0°C, humidity: 60.0%","service":"your-service-name","timestamp":"2024-10-06 00:25:41"}
{"level":"info","message":"temp: 21.0°C, humidity: 60.0%","service":"your-service-name","timestamp":"2024-10-06 00:25:42"}
{"level":"info","message":"temp: 21.0°C, humidity: 60.0%","service":"your-service-name","timestamp":"2024-10-06 00:25:43"}
{"level":"info","message":"temp: 21.0°C, humidity: 60.0%","service":"your-service-name","timestamp":"2024-10-06 00:25:44"}
{"level":"info","message":"temp: 21.0°C, humidity: 60.0%","service":"your-service-name","timestamp":"2024-10-06 00:25:45"}
{"level":"info","message":"temp: 21.0°C, humidity: 60.0%","service":"your-service-name","timestamp":"2024-10-06 00:25:46"}
{"level":"info","message":"temp: 21.0°C, humidity: 60.0%","service":"your-service-name","timestamp":"2024-10-06 00:25:47"}
{"level":"info","message":"temp: 21.0°C, humidity: 60.0%","service":"your-service-name","timestamp":"2024-10-06 00:25:48"}
{"level":"info","message":"temp: 21.0°C, humidity: 60.0%","service":"your-service-name","timestamp":"2024-10-06 00:25:49"}
{"level":"info","message":"temp: 21.0°C, humidity: 60.0%","service":"your-service-name","timestamp":"2024-10-06 00:25:50"}
{"level":"info","message":"temp: 21.0°C, humidity: 60.0%","service":"your-service-name","timestamp":"2024-10-06 00:25:51"}
{"level":"info","message":"temp: 21.0°C, humidity: 60.0%","service":"your-service-name","timestamp":"2024-10-06 00:25:52"}
{"level":"info","message":"temp: 21.0°C, humidity: 60.0%","service":"your-service-name","timestamp":"2024-10-06 00:25:53"}
{"level":"info","message":"temp: 21.0°C, humidity: 60.0%","service":"your-service-name","timestamp":"2024-10-06 00:25:54"}
{"level":"info","message":"temp: 21.0°C, humidity: 60.0%","service":"your-service-name","timestamp":"2024-10-06 00:25:55"}
{"level":"info","message":"temp: 21.0°C, humidity: 60.0%","service":"your-service-name","timestamp":"2024-10-06 00:25:56"}
{"level":"info","message":"temp: 21.0°C, humidity: 60.0%","service":"your-service-name","timestamp":"2024-10-06 00:25:57"}
{"level":"info","message":"temp: 21.0°C, humidity: 60.0%","service":"your-service-name","timestamp":"2024-10-06 00:25:58"}
{"level":"info","message":"temp: 21.0°C, humidity: 60.0%","service":"your-service-name","timestamp":"2024-10-06 00:25:59"}
{"level":"info","message":"temp: 21.0°C, humidity: 60.0%","service":"your-service-name","timestamp":"2024-10-06 00:26:00"}
{"level":"info","message":"temp: 21.0°C, humidity: 60.0%","service":"your-service-name","timestamp":"2024-10-06 00:26:01"}
{"level":"info","message":"temp: 21.0°C, humidity: 60.0%","service":"your-service-name","timestamp":"2024-10-06 00:26:02"}
{"level":"info","message":"temp: 21.0°C, humidity: 60.0%","service":"your-service-name","timestamp":"2024-10-06 00:26:03"}
{"level":"info","message":"temp: 21.0°C, humidity: 60.0%","service":"your-service-name","timestamp":"2024-10-06 00:26:04"}
{"level":"info","message":"temp: 21.0°C, humidity: 60.0%","service":"your-service-name","timestamp":"2024-10-06 00:26:05"}
{"level":"info","message":"temp: 21.0°C, humidity: 60.0%","service":"your-service-name","timestamp":"2024-10-06 00:26:06"}
{"level":"info","message":"temp: 21.0°C, humidity: 60.0%","service":"your-service-name","timestamp":"2024-10-06 00:26:07"}
{"level":"info","message":"temp: 21.0°C, humidity: 60.0%","service":"your-service-name","timestamp":"2024-10-06 00:26:08"}
{"level":"info","message":"temp: 21.0°C, humidity: 60.0%","service":"your-service-name","timestamp":"2024-10-06 00:26:09"}
{"level":"info","message":"temp: 21.0°C, humidity: 60.0%","service":"your-service-name","timestamp":"2024-10-06 00:26:10"}
{"level":"info","message":"temp: 21.0°C, humidity: 60.0%","service":"your-service-name","timestamp":"2024-10-06 00:26:11"}
{"level":"info","message":"temp: 21.0°C, humidity: 60.0%","service":"your-service-name","timestamp":"2024-10-06 00:26:12"}
{"level":"info","message":"temp: 21.0°C, humidity: 60.0%","service":"your-service-name","timestamp":"2024-10-06 00:26:13"}
{"level":"info","message":"temp: 21.0°C, humidity: 60.0%","service":"your-service-name","timestamp":"2024-10-06 00:26:14"}
{"level":"info","message":"temp: 21.0°C, humidity: 60.0%","service":"your-service-name","timestamp":"2024-10-06 00:26:15"}
{"level":"info","message":"temp: 21.0°C, humidity: 60.0%","service":"your-service-name","timestamp":"2024-10-06 00:26:16"}
{"level":"info","message":"temp: 21.0°C, humidity: 60.0%","service":"your-service-name","timestamp":"2024-10-06 00:26:17"}
{"level":"info","message":"temp: 21.0°C, humidity: 60.0%","service":"your-service-name","timestamp":"2024-10-06 00:26:18"}
{"level":"info","message":"temp: 21.0°C, humidity: 60.0%","service":"your-service-name","timestamp":"2024-10-06 00:26:19"}
{"level":"info","message":"temp: 21.0°C, humidity: 60.0%","service":"your-service-name","timestamp":"2024-10-06 00:26:20"}
{"level":"info","message":"temp: 21.0°C, humidity: 60.0%","service":"your-service-name","timestamp":"2024-10-06 00:26:21"}
{"level":"info","message":"temp: 21.0°C, humidity: 60.0%","service":"your-service-name","timestamp":"2024-10-06 00:26:22"}
{"level":"info","message":"temp: 21.0°C, humidity: 60.0%","service":"your-service-name","timestamp":"2024-10-06 00:26:23"}
{"level":"info","message":"temp: 21.0°C, humidity: 60.0%","service":"your-service-name","timestamp":"2024-10-06 00:26:24"}
{"level":"info","message":"temp: 21.0°C, humidity: 60.0%","service":"your-service-name","timestamp":"2024-10-06 00:26:25"}
{"level":"info","message":"temp: 21.0°C, humidity: 60.0%","service":"your-service-name","timestamp":"2024-10-06 00:26:26"}
{"level":"info","message":"temp: 21.0°C, humidity: 60.0%","service":"your-service-name","timestamp":"2024-10-06 00:26:27"}
{"level":"info","message":"temp: 21.0°C, humidity: 60.0%","service":"your-service-name","timestamp":"2024-10-06 00:26:28"}
{"level":"info","message":"temp: 21.0°C, humidity: 60.0%","service":"your-service-name","timestamp":"2024-10-06 00:26:29"}
{"level":"info","message":"temp: 21.0°C, humidity: 60.0%","service":"your-service-name","timestamp":"2024-10-06 00:26:30"}
{"level":"info","message":"temp: 21.0°C, humidity: 60.0%","service":"your-service-name","timestamp":"2024-10-06 00:26:31"}
{"level":"info","message":"temp: 21.0°C, humidity: 60.0%","service":"your-service-name","timestamp":"2024-10-06 00:26:32"}
{"level":"info","message":"temp: 21.0°C, humidity: 60.0%","service":"your-service-name","timestamp":"2024-10-06 00:26:33"}
{"level":"info","message":"temp: 21.0°C, humidity: 60.0%","service":"your-service-name","timestamp":"2024-10-06 00:26:34"}
{"level":"info","message":"temp: 21.0°C, humidity: 60.0%","service":"your-service-name","timestamp":"2024-10-06 00:26:35"}
{"level":"info","message":"temp: 21.0°C, humidity: 60.0%","service":"your-service-name","timestamp":"2024-10-06 00:26:36"}
{"level":"info","message":"temp: 21.0°C, humidity: 60.0%","service":"your-service-name","timestamp":"2024-10-06 00:26:37"}
{"level":"info","message":"temp: 21.0°C, humidity: 60.0%","service":"your-service-name","timestamp":"2024-10-06 00:26:38"}
{"level":"info","message":"temp: 21.0°C, humidity: 60.0%","service":"your-service-name","timestamp":"2024-10-06 00:26:39"}
{"level":"info","message":"temp: 21.0°C, humidity: 60.0%","service":"your-service-name","timestamp":"2024-10-06 00:26:40"}
{"level":"info","message":"temp: 21.0°C, humidity: 60.0%","service":"your-service-name","timestamp":"2024-10-06 00:26:41"}
{"level":"info","message":"temp: 21.0°C, humidity: 60.0%","service":"your-service-name","timestamp":"2024-10-06 00:26:42"}
{"level":"info","message":"temp: 21.0°C, humidity: 60.0%","service":"your-service-name","timestamp":"2024-10-06 00:26:43"}
{"level":"info","message":"temp: 21.0°C, humidity: 60.0%","service":"your-service-name","timestamp":"2024-10-06 00:26:44"}
{"level":"info","message":"temp: 21.0°C, humidity: 60.0%","service":"your-service-name","timestamp":"2024-10-06 00:26:45"}
{"level":"info","message":"temp: 21.0°C, humidity: 60.0%","service":"your-service-name","timestamp":"2024-10-06 00:26:46"}
{"level":"info","message":"temp: 21.0°C, humidity: 60.0%","service":"your-service-name","timestamp":"2024-10-06 00:26:47"}
{"level":"info","message":"temp: 21.0°C, humidity: 60.0%","service":"your-service-name","timestamp":"2024-10-06 00:26:48"}
{"level":"info","message":"temp: 21.0°C, humidity: 60.0%","service":"your-service-name","timestamp":"2024-10-06 00:26:49"}
{"level":"info","message":"temp: 21.0°C, humidity: 60.0%","service":"your-service-name","timestamp":"2024-10-06 00:26:50"}
{"level":"info","message":"temp: 21.0°C, humidity: 60.0%","service":"your-service-name","timestamp":"2024-10-06 00:26:51"}
{"level":"info","message":"temp: 21.0°C, humidity: 60.0%","service":"your-service-name","timestamp":"2024-10-06 00:26:52"}
{"level":"info","message":"temp: 21.0°C, humidity: 60.0%","service":"your-service-name","timestamp":"2024-10-06 00:26:53"}
{"level":"info","message":"temp: 21.0°C, humidity: 60.0%","service":"your-service-name","timestamp":"2024-10-06 00:26:54"}
{"level":"info","message":"temp: 21.0°C, humidity: 60.0%","service":"your-service-name","timestamp":"2024-10-06 00:26:55"}
{"level":"info","message":"temp: 21.0°C, humidity: 60.0%","service":"your-service-name","timestamp":"2024-10-06 00:26:56"}
{"level":"info","message":"temp: 21.0°C, humidity: 60.0%","service":"your-service-name","timestamp":"2024-10-06 00:26:57"}
{"level":"info","message":"temp: 21.0°C, humidity: 60.0%","service":"your-service-name","timestamp":"2024-10-06 00:26:58"}
{"level":"info","message":"temp: 21.0°C, humidity: 60.0%","service":"your-service-name","timestamp":"2024-10-06 00:26:59"}
{"level":"info","message":"temp: 21.0°C, humidity: 60.0%","service":"your-service-name","timestamp":"2024-10-06 00:27:00"}
{"level":"info","message":"temp: 21.0°C, humidity: 60.0%","service":"your-service-name","timestamp":"2024-10-06 00:27:01"}
{"level":"info","message":"temp: 21.0°C, humidity: 60.0%","service":"your-service-name","timestamp":"2024-10-06 00:27:02"}
{"level":"info","message":"temp: 21.0°C, humidity: 60.0%","service":"your-service-name","timestamp":"2024-10-06 00:27:03"}
{"level":"info","message":"temp: 21.0°C, humidity: 60.0%","service":"your-service-name","timestamp":"2024-10-06 00:27:04"}
{"level":"info","message":"temp: 21.0°C, humidity: 60.0%","service":"your-service-name","timestamp":"2024-10-06 00:27:05"}
{"level":"info","message":"temp: 21.0°C, humidity: 60.0%","service":"your-service-name","timestamp":"2024-10-06 00:27:06"}
{"level":"info","message":"temp: 21.0°C, humidity: 60.0%","service":"your-service-name","timestamp":"2024-10-06 00:27:07"}
{"level":"info","message":"temp: 21.0°C, humidity: 60.0%","service":"your-service-name","timestamp":"2024-10-06 00:27:08"}
{"level":"info","message":"temp: 21.0°C, humidity: 60.0%","service":"your-service-name","timestamp":"2024-10-06 00:27:09"}
{"level":"info","message":"temp: 21.0°C, humidity: 60.0%","service":"your-service-name","timestamp":"2024-10-06 00:27:10"}
{"level":"info","message":"temp: 21.0°C, humidity: 60.0%","service":"your-service-name","timestamp":"2024-10-06 00:27:11"}
{"level":"info","message":"temp: 21.0°C, humidity: 60.0%","service":"your-service-name","timestamp":"2024-10-06 00:27:12"}
{"level":"info","message":"temp: 21.0°C, humidity: 60.0%","service":"your-service-name","timestamp":"2024-10-06 00:27:13"}
{"level":"info","message":"temp: 21.0°C, humidity: 60.0%","service":"your-service-name","timestamp":"2024-10-06 00:27:14"}
{"level":"info","message":"temp: 21.0°C, humidity: 60.0%","service":"your-service-name","timestamp":"2024-10-06 00:27:15"}
{"level":"info","message":"temp: 21.0°C, humidity: 60.0%","service":"your-service-name","timestamp":"2024-10-06 00:27:16"}
{"level":"info","message":"temp: 21.0°C, humidity: 60.0%","service":"your-service-name","timestamp":"2024-10-06 00:27:17"}
{"level":"info","message":"temp: 21.0°C, humidity: 60.0%","service":"your-service-name","timestamp":"2024-10-06 00:27:18"}
{"level":"info","message":"temp: 21.0°C, humidity: 60.0%","service":"your-service-name","timestamp":"2024-10-06 00:27:19"}
{"level":"info","message":"temp: 21.0°C, humidity: 60.0%","service":"your-service-name","timestamp":"2024-10-06 00:27:20"}
{"level":"info","message":"temp: 21.0°C, humidity: 60.0%","service":"your-service-name","timestamp":"2024-10-06 00:27:21"}
{"level":"info","message":"temp: 21.0°C, humidity: 60.0%","service":"your-service-name","timestamp":"2024-10-06 00:27:22"}
{"level":"info","message":"temp: 21.0°C, humidity: 60.0%","service":"your-service-name","timestamp":"2024-10-06 00:27:23"}
{"level":"info","message":"temp: 21.0°C, humidity: 60.0%","service":"your-service-name","timestamp":"2024-10-06 00:27:24"}
{"level":"info","message":"temp: 21.0°C, humidity: 60.0%","service":"your-service-name","timestamp":"2024-10-06 00:27:25"}
{"level":"info","message":"temp: 21.0°C, humidity: 60.0%","service":"your-service-name","timestamp":"2024-10-06 00:27:26"}
{"level":"info","message":"temp: 21.0°C, humidity: 60.0%","service":"your-service-name","timestamp":"2024-10-06 00:27:27"}
{"level":"info","message":"temp: 21.0°C, humidity: 60.0%","service":"your-service-name","timestamp":"2024-10-06 00:27:28"}
{"level":"info","message":"temp: 21.0°C, humidity: 60.0%","service":"your-service-name","timestamp":"2024-10-06 00:27:29"}
{"level":"info","message":"temp: 21.0°C, humidity: 60.0%","service":"your-service-name","timestamp":"2024-10-06 00:27:30"}
{"level":"info","message":"temp: 21.0°C, humidity: 60.0%","service":"your-service-name","timestamp":"2024-10-06 00:27:31"}
{"level":"info","message":"temp: 21.0°C, humidity: 60.0%","service":"your-service-name","timestamp":"2024-10-06 00:27:32"}
{"level":"info","message":"temp: 21.0°C, humidity: 60.0%","service":"your-service-name","timestamp":"2024-10-06 00:27:33"}
{"level":"info","message":"temp: 21.0°C, humidity: 60.0%","service":"your-service-name","timestamp":"2024-10-06 00:27:34"}
{"level":"info","message":"temp: 21.0°C, humidity: 60.0%","service":"your-service-name","timestamp":"2024-10-06 00:27:35"}
{"level":"info","message":"temp: 21.0°C, humidity: 60.0%","service":"your-service-name","timestamp":"2024-10-06 00:27:36"}
{"level":"info","message":"temp: 21.0°C, humidity: 60.0%","service":"your-service-name","timestamp":"2024-10-06 00:27:37"}
{"level":"info","message":"temp: 21.0°C, humidity: 60.0%","service":"your-service-name","timestamp":"2024-10-06 00:27:38"}
{"level":"info","message":"temp: 21.0°C, humidity: 60.0%","service":"your-service-name","timestamp":"2024-10-06 00:27:39"}
{"level":"info","message":"temp: 21.0°C, humidity: 60.0%","service":"your-service-name","timestamp":"2024-10-06 00:27:40"}
{"level":"info","message":"temp: 21.0°C, humidity: 60.0%","service":"your-service-name","timestamp":"2024-10-06 00:27:41"}
{"level":"info","message":"temp: 21.0°C, humidity: 60.0%","service":"your-service-name","timestamp":"2024-10-06 00:27:42"}
{"level":"info","message":"temp: 21.0°C, humidity: 60.0%","service":"your-service-name","timestamp":"2024-10-06 00:27:43"}
{"level":"info","message":"temp: 21.0°C, humidity: 60.0%","service":"your-service-name","timestamp":"2024-10-06 00:27:44"}
{"level":"info","message":"temp: 21.0°C, humidity: 60.0%","service":"your-service-name","timestamp":"2024-10-06 00:27:45"}
{"level":"info","message":"temp: 21.0°C, humidity: 60.0%","service":"your-service-name","timestamp":"2024-10-06 00:27:46"}
{"level":"info","message":"temp: 21.0°C, humidity: 60.0%","service":"your-service-name","timestamp":"2024-10-06 00:27:47"}
{"level":"info","message":"temp: 21.0°C, humidity: 60.0%","service":"your-service-name","timestamp":"2024-10-06 00:27:48"}
{"level":"info","message":"temp: 21.0°C, humidity: 60.0%","service":"your-service-name","timestamp":"2024-10-06 00:27:49"}
{"level":"info","message":"temp: 21.0°C, humidity: 60.0%","service":"your-service-name","timestamp":"2024-10-06 00:27:50"}
{"level":"info","message":"temp: 21.0°C, humidity: 60.0%","service":"your-service-name","timestamp":"2024-10-06 00:27:51"}
{"level":"info","message":"temp: 21.0°C, humidity: 60.0%","service":"your-service-name","timestamp":"2024-10-06 00:27:52"}
{"level":"info","message":"temp: 21.0°C, humidity: 60.0%","service":"your-service-name","timestamp":"2024-10-06 00:27:53"}
{"level":"info","message":"temp: 21.0°C, humidity: 60.0%","service":"your-service-name","timestamp":"2024-10-06 00:27:54"}
{"level":"info","message":"temp: 21.0°C, humidity: 60.0%","service":"your-service-name","timestamp":"2024-10-06 00:27:55"}
{"level":"info","message":"temp: 21.0°C, humidity: 60.0%","service":"your-service-name","timestamp":"2024-10-06 00:27:56"}
{"level":"info","message":"temp: 21.0°C, humidity: 60.0%","service":"your-service-name","timestamp":"2024-10-06 00:27:57"}
{"level":"info","message":"temp: 21.0°C, humidity: 60.0%","service":"your-service-name","timestamp":"2024-10-06 00:27:58"}
{"level":"info","message":"temp: 21.0°C, humidity: 60.0%","service":"your-service-name","timestamp":"2024-10-06 00:27:59"}
{"level":"info","message":"temp: 21.0°C, humidity: 60.0%","service":"your-service-name","timestamp":"2024-10-06 00:28:00"}
{"level":"info","message":"temp: 21.0°C, humidity: 60.0%","service":"your-service-name","timestamp":"2024-10-06 00:28:01"}
{"level":"info","message":"temp: 21.0°C, humidity: 60.0%","service":"your-service-name","timestamp":"2024-10-06 00:28:02"}
{"level":"info","message":"temp: 21.0°C, humidity: 60.0%","service":"your-service-name","timestamp":"2024-10-06 00:28:03"}
{"level":"info","message":"temp: 21.0°C, humidity: 60.0%","service":"your-service-name","timestamp":"2024-10-06 00:28:04"}
{"level":"info","message":"temp: 21.0°C, humidity: 60.0%","service":"your-service-name","timestamp":"2024-10-06 00:28:05"}
{"level":"info","message":"temp: 21.0°C, humidity: 60.0%","service":"your-service-name","timestamp":"2024-10-06 00:28:06"}
{"level":"info","message":"temp: 21.0°C, humidity: 60.0%","service":"your-service-name","timestamp":"2024-10-06 00:28:07"}
{"level":"info","message":"temp: 21.0°C, humidity: 60.0%","service":"your-service-name","timestamp":"2024-10-06 00:28:08"}
{"level":"info","message":"temp: 21.0°C, humidity: 60.0%","service":"your-service-name","timestamp":"2024-10-06 00:28:09"}
{"level":"info","message":"temp: 21.0°C, humidity: 60.0%","service":"your-service-name","timestamp":"2024-10-06 00:28:10"}
{"level":"info","message":"temp: 21.0°C, humidity: 60.0%","service":"your-service-name","timestamp":"2024-10-06 00:28:11"}
{"level":"info","message":"temp: 21.0°C, humidity: 60.0%","service":"your-service-name","timestamp":"2024-10-06 00:28:12"}
{"level":"info","message":"temp: 21.0°C, humidity: 60.0%","service":"your-service-name","timestamp":"2024-10-06 00:28:13"}
{"level":"info","message":"temp: 21.0°C, humidity: 60.0%","service":"your-service-name","timestamp":"2024-10-06 00:28:14"}
{"level":"info","message":"temp: 21.0°C, humidity: 60.0%","service":"your-service-name","timestamp":"2024-10-06 00:28:15"}
{"level":"info","message":"temp: 21.0°C, humidity: 60.0%","service":"your-service-name","timestamp":"2024-10-06 00:28:16"}
{"level":"info","message":"temp: 21.0°C, humidity: 60.0%","service":"your-service-name","timestamp":"2024-10-06 00:28:17"}
{"level":"info","message":"temp: 21.0°C, humidity: 60.0%","service":"your-service-name","timestamp":"2024-10-06 00:28:18"}
{"level":"info","message":"temp: 21.0°C, humidity: 60.0%","service":"your-service-name","timestamp":"2024-10-06 00:28:19"}
{"level":"info","message":"temp: 21.0°C, humidity: 60.0%","service":"your-service-name","timestamp":"2024-10-06 00:28:20"}
{"level":"info","message":"temp: 21.0°C, humidity: 60.0%","service":"your-service-name","timestamp":"2024-10-06 00:28:21"}
{"level":"info","message":"temp: 21.0°C, humidity: 60.0%","service":"your-service-name","timestamp":"2024-10-06 00:28:22"}
{"level":"info","message":"temp: 21.0°C, humidity: 60.0%","service":"your-service-name","timestamp":"2024-10-06 00:28:23"}
{"level":"info","message":"temp: 21.0°C, humidity: 60.0%","service":"your-service-name","timestamp":"2024-10-06 00:28:24"}
{"level":"info","message":"temp: 21.0°C, humidity: 60.0%","service":"your-service-name","timestamp":"2024-10-06 00:28:25"}
{"level":"info","message":"temp: 21.0°C, humidity: 60.0%","service":"your-service-name","timestamp":"2024-10-06 00:28:26"}
{"level":"info","message":"temp: 21.0°C, humidity: 60.0%","service":"your-service-name","timestamp":"2024-10-06 00:28:27"}
{"level":"info","message":"temp: 21.0°C, humidity: 60.0%","service":"your-service-name","timestamp":"2024-10-06 00:28:28"}
{"level":"info","message":"temp: 21.0°C, humidity: 60.0%","service":"your-service-name","timestamp":"2024-10-06 00:28:29"}
{"level":"info","message":"temp: 21.0°C, humidity: 60.0%","service":"your-service-name","timestamp":"2024-10-06 00:28:30"}
{"level":"info","message":"temp: 21.0°C, humidity: 60.0%","service":"your-service-name","timestamp":"2024-10-06 00:28:31"}
{"level":"info","message":"temp: 21.0°C, humidity: 60.0%","service":"your-service-name","timestamp":"2024-10-06 00:28:32"}
{"level":"info","message":"temp: 21.0°C, humidity: 60.0%","service":"your-service-name","timestamp":"2024-10-06 00:28:33"}
{"level":"info","message":"temp: 21.0°C, humidity: 60.0%","service":"your-service-name","timestamp":"2024-10-06 00:28:34"}
{"level":"info","message":"temp: 21.0°C, humidity: 60.0%","service":"your-service-name","timestamp":"2024-10-06 00:28:35"}
{"level":"info","message":"temp: 21.0°C, humidity: 60.0%","service":"your-service-name","timestamp":"2024-10-06 00:28:36"}
{"level":"info","message":"temp: 21.0°C, humidity: 60.0%","service":"your-service-name","timestamp":"2024-10-06 00:28:37"}
{"level":"info","message":"temp: 21.0°C, humidity: 60.0%","service":"your-service-name","timestamp":"2024-10-06 00:28:38"}
{"level":"info","message":"temp: 21.0°C, humidity: 60.0%","service":"your-service-name","timestamp":"2024-10-06 00:28:39"}
{"level":"info","message":"temp: 21.0°C, humidity: 60.0%","service":"your-service-name","timestamp":"2024-10-06 00:28:40"}
{"level":"info","message":"temp: 21.0°C, humidity: 60.0%","service":"your-service-name","timestamp":"2024-10-06 00:28:41"}
{"level":"info","message":"temp: 21.0°C, humidity: 60.0%","service":"your-service-name","timestamp":"2024-10-06 00:28:42"}
{"level":"info","message":"temp: 21.0°C, humidity: 60.0%","service":"your-service-name","timestamp":"2024-10-06 00:28:43"}
{"level":"info","message":"temp: 21.0°C, humidity: 60.0%","service":"your-service-name","timestamp":"2024-10-06 00:28:44"}
{"level":"info","message":"temp: 21.0°C, humidity: 60.0%","service":"your-service-name","timestamp":"2024-10-06 00:28:45"}
{"level":"info","message":"temp: 21.0°C, humidity: 60.0%","service":"your-service-name","timestamp":"2024-10-06 00:28:46"}
{"level":"info","message":"temp: 21.0°C, humidity: 60.0%","service":"your-service-name","timestamp":"2024-10-06 00:28:47"}
{"level":"info","message":"temp: 21.0°C, humidity: 60.0%","service":"your-service-name","timestamp":"2024-10-06 00:28:48"}
{"level":"info","message":"temp: 21.0°C, humidity: 60.0%","service":"your-service-name","timestamp":"2024-10-06 00:28:49"}
{"level":"info","message":"temp: 21.0°C, humidity: 60.0%","service":"your-service-name","timestamp":"2024-10-06 00:28:50"}
{"level":"info","message":"temp: 21.0°C, humidity: 60.0%","service":"your-service-name","timestamp":"2024-10-06 00:28:51"}
{"level":"info","message":"temp: 21.0°C, humidity: 60.0%","service":"your-service-name","timestamp":"2024-10-06 00:28:52"}
{"level":"info","message":"temp: 21.0°C, humidity: 60.0%","service":"your-service-name","timestamp":"2024-10-06 00:28:53"}
{"level":"info","message":"temp: 21.0°C, humidity: 60.0%","service":"your-service-name","timestamp":"2024-10-06 00:28:54"}
{"level":"info","message":"temp: 21.0°C, humidity: 60.0%","service":"your-service-name","timestamp":"2024-10-06 00:28:55"}
{"level":"info","message":"temp: 21.0°C, humidity: 60.0%","service":"your-service-name","timestamp":"2024-10-06 00:28:56"}
{"level":"info","message":"temp: 21.0°C, humidity: 60.0%","service":"your-service-name","timestamp":"2024-10-06 00:28:57"}
{"level":"info","message":"temp: 21.0°C, humidity: 60.0%","service":"your-service-name","timestamp":"2024-10-06 00:28:58"}
{"level":"info","message":"temp: 21.0°C, humidity: 60.0%","service":"your-service-name","timestamp":"2024-10-06 00:28:59"}
{"level":"info","message":"temp: 21.0°C, humidity: 60.0%","service":"your-service-name","timestamp":"2024-10-06 00:29:00"}
{"level":"info","message":"temp: 21.0°C, humidity: 60.0%","service":"your-service-name","timestamp":"2024-10-06 00:29:01"}
{"level":"info","message":"temp: 21.0°C, humidity: 60.0%","service":"your-service-name","timestamp":"2024-10-06 00:29:02"}
{"level":"info","message":"temp: 21.0°C, humidity: 60.0%","service":"your-service-name","timestamp":"2024-10-06 00:29:03"}
{"level":"info","message":"temp: 21.0°C, humidity: 60.0%","service":"your-service-name","timestamp":"2024-10-06 00:29:04"}
{"level":"info","message":"temp: 21.0°C, humidity: 60.0%","service":"your-service-name","timestamp":"2024-10-06 00:29:05"}
{"level":"info","message":"temp: 21.0°C, humidity: 60.0%","service":"your-service-name","timestamp":"2024-10-06 00:29:06"}
{"level":"info","message":"temp: 21.0°C, humidity: 60.0%","service":"your-service-name","timestamp":"2024-10-06 00:29:07"}
{"level":"info","message":"temp: 21.0°C, humidity: 60.0%","service":"your-service-name","timestamp":"2024-10-06 00:29:08"}
{"level":"info","message":"temp: 21.0°C, humidity: 60.0%","service":"your-service-name","timestamp":"2024-10-06 00:29:09"}
{"level":"info","message":"temp: 21.0°C, humidity: 60.0%","service":"your-service-name","timestamp":"2024-10-06 00:29:10"}
{"level":"info","message":"temp: 21.0°C, humidity: 60.0%","service":"your-service-name","timestamp":"2024-10-06 00:29:11"}
{"level":"info","message":"temp: 21.0°C, humidity: 60.0%","service":"your-service-name","timestamp":"2024-10-06 00:29:12"}
{"level":"info","message":"temp: 21.0°C, humidity: 60.0%","service":"your-service-name","timestamp":"2024-10-06 00:29:13"}
{"level":"info","message":"temp: 21.0°C, humidity: 60.0%","service":"your-service-name","timestamp":"2024-10-06 00:29:14"}
{"level":"info","message":"temp: 21.0°C, humidity: 60.0%","service":"your-service-name","timestamp":"2024-10-06 00:29:15"}
{"level":"info","message":"temp: 21.0°C, humidity: 60.0%","service":"your-service-name","timestamp":"2024-10-06 00:29:16"}
{"level":"info","message":"temp: 21.0°C, humidity: 60.0%","service":"your-service-name","timestamp":"2024-10-06 00:29:17"}
{"level":"info","message":"temp: 21.0°C, humidity: 60.0%","service":"your-service-name","timestamp":"2024-10-06 00:29:18"}
{"level":"info","message":"temp: 21.0°C, humidity: 60.0%","service":"your-service-name","timestamp":"2024-10-06 00:29:19"}
{"level":"info","message":"temp: 21.0°C, humidity: 60.0%","service":"your-service-name","timestamp":"2024-10-06 00:29:20"}
{"level":"info","message":"temp: 21.0°C, humidity: 60.0%","service":"your-service-name","timestamp":"2024-10-06 00:29:21"}
{"level":"info","message":"temp: 21.0°C, humidity: 60.0%","service":"your-service-name","timestamp":"2024-10-06 00:29:22"}
{"level":"info","message":"temp: 21.0°C, humidity: 60.0%","service":"your-service-name","timestamp":"2024-10-06 00:29:23"}
{"level":"info","message":"temp: 21.0°C, humidity: 60.0%","service":"your-service-name","timestamp":"2024-10-06 00:29:24"}
{"level":"info","message":"temp: 21.0°C, humidity: 60.0%","service":"your-service-name","timestamp":"2024-10-06 00:29:25"}
{"level":"info","message":"temp: 21.0°C, humidity: 60.0%","service":"your-service-name","timestamp":"2024-10-06 00:29:26"}
{"level":"info","message":"temp: 21.0°C, humidity: 60.0%","service":"your-service-name","timestamp":"2024-10-06 00:29:27"}
{"level":"info","message":"temp: 21.0°C, humidity: 60.0%","service":"your-service-name","timestamp":"2024-10-06 00:29:28"}
{"level":"info","message":"temp: 21.0°C, humidity: 60.0%","service":"your-service-name","timestamp":"2024-10-06 00:29:29"}
{"level":"info","message":"temp: 21.0°C, humidity: 60.0%","service":"your-service-name","timestamp":"2024-10-06 00:29:30"}
{"level":"info","message":"temp: 21.0°C, humidity: 60.0%","service":"your-service-name","timestamp":"2024-10-06 00:29:31"}
{"level":"info","message":"temp: 21.0°C, humidity: 60.0%","service":"your-service-name","timestamp":"2024-10-06 00:29:32"}
{"level":"info","message":"temp: 21.0°C, humidity: 60.0%","service":"your-service-name","timestamp":"2024-10-06 00:29:33"}
{"level":"info","message":"temp: 21.0°C, humidity: 60.0%","service":"your-service-name","timestamp":"2024-10-06 00:29:34"}
{"level":"info","message":"temp: 21.0°C, humidity: 60.0%","service":"your-service-name","timestamp":"2024-10-06 00:29:35"}
{"level":"info","message":"temp: 21.0°C, humidity: 60.0%","service":"your-service-name","timestamp":"2024-10-06 00:29:36"}
{"level":"info","message":"temp: 21.0°C, humidity: 60.0%","service":"your-service-name","timestamp":"2024-10-06 00:29:37"}
{"level":"info","message":"temp: 21.0°C, humidity: 60.0%","service":"your-service-name","timestamp":"2024-10-06 00:29:38"}
{"level":"info","message":"temp: 21.0°C, humidity: 60.0%","service":"your-service-name","timestamp":"2024-10-06 00:29:39"}
{"level":"info","message":"temp: 21.0°C, humidity: 60.0%","service":"your-service-name","timestamp":"2024-10-06 00:29:40"}
{"level":"info","message":"temp: 21.0°C, humidity: 60.0%","service":"your-service-name","timestamp":"2024-10-06 00:29:41"}
{"level":"info","message":"temp: 21.0°C, humidity: 60.0%","service":"your-service-name","timestamp":"2024-10-06 00:29:42"}
{"level":"info","message":"temp: 21.0°C, humidity: 60.0%","service":"your-service-name","timestamp":"2024-10-06 00:29:43"}
{"level":"info","message":"temp: 21.0°C, humidity: 60.0%","service":"your-service-name","timestamp":"2024-10-06 00:29:44"}
{"level":"info","message":"temp: 21.0°C, humidity: 60.0%","service":"your-service-name","timestamp":"2024-10-06 00:29:45"}
{"level":"info","message":"temp: 21.0°C, humidity: 60.0%","service":"your-service-name","timestamp":"2024-10-06 00:29:46"}
{"level":"info","message":"temp: 21.0°C, humidity: 60.0%","service":"your-service-name","timestamp":"2024-10-06 00:29:47"}
{"level":"info","message":"temp: 21.0°C, humidity: 60.0%","service":"your-service-name","timestamp":"2024-10-06 00:29:48"}
{"level":"info","message":"temp: 21.0°C, humidity: 60.0%","service":"your-service-name","timestamp":"2024-10-06 00:29:49"}
{"level":"info","message":"temp: 21.0°C, humidity: 60.0%","service":"your-service-name","timestamp":"2024-10-06 00:29:50"}
{"level":"info","message":"temp: 21.0°C, humidity: 60.0%","service":"your-service-name","timestamp":"2024-10-06 00:29:51"}
{"level":"info","message":"temp: 21.0°C, humidity: 60.0%","service":"your-service-name","timestamp":"2024-10-06 00:29:52"}
{"level":"info","message":"temp: 21.0°C, humidity: 60.0%","service":"your-service-name","timestamp":"2024-10-06 00:29:53"}
{"level":"info","message":"temp: 21.0°C, humidity: 60.0%","service":"your-service-name","timestamp":"2024-10-06 00:29:54"}
{"level":"info","message":"temp: 21.0°C, humidity: 60.0%","service":"your-service-name","timestamp":"2024-10-06 00:29:55"}
{"level":"info","message":"temp: 21.0°C, humidity: 60.0%","service":"your-service-name","timestamp":"2024-10-06 00:29:56"}
{"level":"info","message":"temp: 21.0°C, humidity: 60.0%","service":"your-service-name","timestamp":"2024-10-06 00:29:57"}
{"level":"info","message":"temp: 21.0°C, humidity: 60.0%","service":"your-service-name","timestamp":"2024-10-06 00:29:58"}
{"level":"info","message":"temp: 21.0°C, humidity: 60.0%","service":"your-service-name","timestamp":"2024-10-06 00:29:59"}
{"level":"info","message":"temp: 21.0°C, humidity: 60.0%","service":"your-service-name","timestamp":"2024-10-06 00:30:00"}
{"level":"info","message":"temp: 21.0°C, humidity: 60.0%","service":"your-service-name","timestamp":"2024-10-06 00:30:01"}
{"level":"info","message":"temp: 21.0°C, humidity: 60.0%","service":"your-service-name","timestamp":"2024-10-06 00:30:02"}
{"level":"info","message":"temp: 21.0°C, humidity: 60.0%","service":"your-service-name","timestamp":"2024-10-06 00:30:03"}
{"level":"info","message":"temp: 21.0°C, humidity: 60.0%","service":"your-service-name","timestamp":"2024-10-06 00:30:04"}
{"level":"info","message":"temp: 21.0°C, humidity: 60.0%","service":"your-service-name","timestamp":"2024-10-06 00:30:05"}
{"level":"info","message":"temp: 21.0°C, humidity: 60.0%","service":"your-service-name","timestamp":"2024-10-06 00:30:06"}
{"level":"info","message":"temp: 21.0°C, humidity: 60.0%","service":"your-service-name","timestamp":"2024-10-06 00:30:07"}
{"level":"info","message":"temp: 21.0°C, humidity: 60.0%","service":"your-service-name","timestamp":"2024-10-06 00:30:08"}
{"level":"info","message":"temp: 21.0°C, humidity: 60.0%","service":"your-service-name","timestamp":"2024-10-06 00:30:09"}
{"level":"info","message":"temp: 21.0°C, humidity: 60.0%","service":"your-service-name","timestamp":"2024-10-06 00:30:10"}
{"level":"info","message":"temp: 21.0°C, humidity: 60.0%","service":"your-service-name","timestamp":"2024-10-06 00:30:11"}
{"level":"info","message":"temp: 21.0°C, humidity: 60.0%","service":"your-service-name","timestamp":"2024-10-06 00:30:12"}
{"level":"info","message":"temp: 21.0°C, humidity: 60.0%","service":"your-service-name","timestamp":"2024-10-06 00:30:13"}
{"level":"info","message":"temp: 21.0°C, humidity: 60.0%","service":"your-service-name","timestamp":"2024-10-06 00:30:14"}
{"level":"info","message":"temp: 21.0°C, humidity: 60.0%","service":"your-service-name","timestamp":"2024-10-06 00:30:15"}
{"level":"info","message":"temp: 21.0°C, humidity: 60.0%","service":"your-service-name","timestamp":"2024-10-06 00:30:16"}
{"level":"info","message":"temp: 21.0°C, humidity: 60.0%","service":"your-service-name","timestamp":"2024-10-06 00:30:17"}
{"level":"info","message":"temp: 21.0°C, humidity: 60.0%","service":"your-service-name","timestamp":"2024-10-06 00:30:18"}
{"level":"info","message":"temp: 21.0°C, humidity: 60.0%","service":"your-service-name","timestamp":"2024-10-06 00:30:19"}
{"level":"info","message":"temp: 21.0°C, humidity: 60.0%","service":"your-service-name","timestamp":"2024-10-06 00:30:20"}
{"level":"info","message":"temp: 21.0°C, humidity: 60.0%","service":"your-service-name","timestamp":"2024-10-06 00:30:21"}
{"level":"info","message":"temp: 21.0°C, humidity: 60.0%","service":"your-service-name","timestamp":"2024-10-06 00:30:22"}
{"level":"info","message":"temp: 21.0°C, humidity: 60.0%","service":"your-service-name","timestamp":"2024-10-06 00:30:23"}
{"level":"info","message":"temp: 21.0°C, humidity: 60.0%","service":"your-service-name","timestamp":"2024-10-06 00:30:24"}
{"level":"info","message":"temp: 21.0°C, humidity: 60.0%","service":"your-service-name","timestamp":"2024-10-06 00:30:25"}
{"level":"info","message":"temp: 21.0°C, humidity: 60.0%","service":"your-service-name","timestamp":"2024-10-06 00:30:26"}
{"level":"info","message":"temp: 21.0°C, humidity: 60.0%","service":"your-service-name","timestamp":"2024-10-06 00:30:27"}
{"level":"info","message":"temp: 21.0°C, humidity: 60.0%","service":"your-service-name","timestamp":"2024-10-06 00:30:28"}
{"level":"info","message":"temp: 21.0°C, humidity: 60.0%","service":"your-service-name","timestamp":"2024-10-06 00:30:29"}
{"level":"info","message":"temp: 21.0°C, humidity: 60.0%","service":"your-service-name","timestamp":"2024-10-06 00:30:30"}
{"level":"info","message":"temp: 21.0°C, humidity: 60.0%","service":"your-service-name","timestamp":"2024-10-06 00:30:31"}
{"level":"info","message":"temp: 21.0°C, humidity: 60.0%","service":"your-service-name","timestamp":"2024-10-06 00:30:32"}
{"level":"info","message":"temp: 21.0°C, humidity: 60.0%","service":"your-service-name","timestamp":"2024-10-06 00:30:33"}
{"level":"info","message":"temp: 21.0°C, humidity: 60.0%","service":"your-service-name","timestamp":"2024-10-06 00:30:34"}
{"level":"info","message":"temp: 21.0°C, humidity: 60.0%","service":"your-service-name","timestamp":"2024-10-06 00:30:35"}
{"level":"info","message":"temp: 21.0°C, humidity: 60.0%","service":"your-service-name","timestamp":"2024-10-06 00:30:36"}
{"level":"info","message":"temp: 21.0°C, humidity: 60.0%","service":"your-service-name","timestamp":"2024-10-06 00:30:37"}
{"level":"info","message":"temp: 21.0°C, humidity: 60.0%","service":"your-service-name","timestamp":"2024-10-06 00:30:38"}
{"level":"info","message":"temp: 21.0°C, humidity: 60.0%","service":"your-service-name","timestamp":"2024-10-06 00:30:39"}
{"level":"info","message":"temp: 21.0°C, humidity: 60.0%","service":"your-service-name","timestamp":"2024-10-06 00:30:40"}
{"level":"info","message":"temp: 21.0°C, humidity: 60.0%","service":"your-service-name","timestamp":"2024-10-06 00:30:41"}
{"level":"info","message":"temp: 21.0°C, humidity: 60.0%","service":"your-service-name","timestamp":"2024-10-06 00:30:42"}
{"level":"info","message":"temp: 21.0°C, humidity: 60.0%","service":"your-service-name","timestamp":"2024-10-06 00:30:43"}
{"level":"info","message":"temp: 21.0°C, humidity: 60.0%","service":"your-service-name","timestamp":"2024-10-06 00:30:44"}
{"level":"info","message":"temp: 21.0°C, humidity: 60.0%","service":"your-service-name","timestamp":"2024-10-06 00:30:45"}
{"level":"info","message":"temp: 21.0°C, humidity: 60.0%","service":"your-service-name","timestamp":"2024-10-06 00:30:46"}
{"level":"info","message":"temp: 21.0°C, humidity: 60.0%","service":"your-service-name","timestamp":"2024-10-06 00:30:47"}
{"level":"info","message":"temp: 21.0°C, humidity: 60.0%","service":"your-service-name","timestamp":"2024-10-06 00:30:48"}
{"level":"info","message":"temp: 21.0°C, humidity: 60.0%","service":"your-service-name","timestamp":"2024-10-06 00:30:49"}
{"level":"info","message":"temp: 21.0°C, humidity: 60.0%","service":"your-service-name","timestamp":"2024-10-06 00:30:50"}
{"level":"info","message":"temp: 21.0°C, humidity: 60.0%","service":"your-service-name","timestamp":"2024-10-06 00:30:51"}
{"level":"info","message":"temp: 21.0°C, humidity: 60.0%","service":"your-service-name","timestamp":"2024-10-06 00:30:52"}
{"level":"info","message":"temp: 21.0°C, humidity: 60.0%","service":"your-service-name","timestamp":"2024-10-06 00:30:53"}
{"level":"info","message":"temp: 21.0°C, humidity: 60.0%","service":"your-service-name","timestamp":"2024-10-06 00:30:54"}
{"level":"info","message":"temp: 21.0°C, humidity: 60.0%","service":"your-service-name","timestamp":"2024-10-06 00:30:55"}
{"level":"info","message":"temp: 21.0°C, humidity: 60.0%","service":"your-service-name","timestamp":"2024-10-06 00:30:56"}
{"level":"info","message":"temp: 21.0°C, humidity: 60.0%","service":"your-service-name","timestamp":"2024-10-06 00:30:57"}
{"level":"info","message":"temp: 21.0°C, humidity: 60.0%","service":"your-service-name","timestamp":"2024-10-06 00:30:58"}
{"level":"info","message":"temp: 21.0°C, humidity: 60.0%","service":"your-service-name","timestamp":"2024-10-06 00:30:59"}
{"level":"info","message":"temp: 21.0°C, humidity: 60.0%","service":"your-service-name","timestamp":"2024-10-06 00:31:00"}
{"level":"info","message":"temp: 21.0°C, humidity: 60.0%","service":"your-service-name","timestamp":"2024-10-06 00:31:01"}
{"level":"info","message":"temp: 21.0°C, humidity: 60.0%","service":"your-service-name","timestamp":"2024-10-06 00:31:02"}
{"level":"info","message":"temp: 21.0°C, humidity: 60.0%","service":"your-service-name","timestamp":"2024-10-06 00:31:03"}
{"level":"info","message":"temp: 21.0°C, humidity: 60.0%","service":"your-service-name","timestamp":"2024-10-06 00:31:04"}
{"level":"info","message":"temp: 21.0°C, humidity: 60.0%","service":"your-service-name","timestamp":"2024-10-06 00:31:05"}
{"level":"info","message":"temp: 21.0°C, humidity: 60.0%","service":"your-service-name","timestamp":"2024-10-06 00:31:06"}
{"level":"info","message":"temp: 21.0°C, humidity: 60.0%","service":"your-service-name","timestamp":"2024-10-06 00:31:07"}
{"level":"info","message":"temp: 21.0°C, humidity: 60.0%","service":"your-service-name","timestamp":"2024-10-06 00:31:08"}
{"level":"info","message":"temp: 21.0°C, humidity: 60.0%","service":"your-service-name","timestamp":"2024-10-06 00:31:09"}
{"level":"info","message":"temp: 21.0°C, humidity: 60.0%","service":"your-service-name","timestamp":"2024-10-06 00:31:10"}
{"level":"info","message":"temp: 21.0°C, humidity: 60.0%","service":"your-service-name","timestamp":"2024-10-06 00:31:11"}
{"level":"info","message":"temp: 21.0°C, humidity: 60.0%","service":"your-service-name","timestamp":"2024-10-06 00:31:12"}
{"level":"info","message":"temp: 21.0°C, humidity: 60.0%","service":"your-service-name","timestamp":"2024-10-06 00:31:13"}
{"level":"info","message":"temp: 21.0°C, humidity: 60.0%","service":"your-service-name","timestamp":"2024-10-06 00:31:14"}
{"level":"info","message":"temp: 21.0°C, humidity: 60.0%","service":"your-service-name","timestamp":"2024-10-06 00:31:15"}
{"level":"info","message":"temp: 21.0°C, humidity: 60.0%","service":"your-service-name","timestamp":"2024-10-06 00:31:16"}
{"level":"info","message":"temp: 21.0°C, humidity: 60.0%","service":"your-service-name","timestamp":"2024-10-06 00:31:17"}
{"level":"info","message":"temp: 21.0°C, humidity: 60.0%","service":"your-service-name","timestamp":"2024-10-06 00:31:18"}
{"level":"info","message":"temp: 21.0°C, humidity: 60.0%","service":"your-service-name","timestamp":"2024-10-06 00:31:19"}
{"level":"info","message":"temp: 21.0°C, humidity: 60.0%","service":"your-service-name","timestamp":"2024-10-06 00:31:20"}
{"level":"info","message":"temp: 21.0°C, humidity: 60.0%","service":"your-service-name","timestamp":"2024-10-06 00:31:21"}
{"level":"info","message":"temp: 21.0°C, humidity: 60.0%","service":"your-service-name","timestamp":"2024-10-06 00:31:22"}
{"level":"info","message":"temp: 21.0°C, humidity: 60.0%","service":"your-service-name","timestamp":"2024-10-06 00:31:23"}
{"level":"info","message":"temp: 21.0°C, humidity: 60.0%","service":"your-service-name","timestamp":"2024-10-06 00:31:24"}
{"level":"info","message":"temp: 21.0°C, humidity: 60.0%","service":"your-service-name","timestamp":"2024-10-06 00:31:25"}
{"level":"info","message":"temp: 21.0°C, humidity: 60.0%","service":"your-service-name","timestamp":"2024-10-06 00:31:26"}
{"level":"info","message":"temp: 21.0°C, humidity: 60.0%","service":"your-service-name","timestamp":"2024-10-06 00:31:27"}
{"level":"info","message":"temp: 21.0°C, humidity: 60.0%","service":"your-service-name","timestamp":"2024-10-06 00:31:28"}
{"level":"info","message":"temp: 21.0°C, humidity: 60.0%","service":"your-service-name","timestamp":"2024-10-06 00:31:29"}
{"level":"info","message":"temp: 21.0°C, humidity: 60.0%","service":"your-service-name","timestamp":"2024-10-06 00:31:30"}
{"level":"info","message":"temp: 21.0°C, humidity: 60.0%","service":"your-service-name","timestamp":"2024-10-06 00:31:31"}
{"level":"info","message":"temp: 21.0°C, humidity: 60.0%","service":"your-service-name","timestamp":"2024-10-06 00:31:32"}
{"level":"info","message":"temp: 21.0°C, humidity: 60.0%","service":"your-service-name","timestamp":"2024-10-06 00:31:33"}
{"level":"info","message":"temp: 21.0°C, humidity: 60.0%","service":"your-service-name","timestamp":"2024-10-06 00:31:34"}
{"level":"info","message":"temp: 21.0°C, humidity: 60.0%","service":"your-service-name","timestamp":"2024-10-06 00:31:35"}
{"level":"info","message":"temp: 21.0°C, humidity: 60.0%","service":"your-service-name","timestamp":"2024-10-06 00:31:36"}
{"level":"info","message":"temp: 21.0°C, humidity: 60.0%","service":"your-service-name","timestamp":"2024-10-06 00:31:37"}
{"level":"info","message":"temp: 21.0°C, humidity: 60.0%","service":"your-service-name","timestamp":"2024-10-06 00:31:38"}
{"level":"info","message":"temp: 21.0°C, humidity: 60.0%","service":"your-service-name","timestamp":"2024-10-06 00:31:39"}
{"level":"info","message":"temp: 21.0°C, humidity: 60.0%","service":"your-service-name","timestamp":"2024-10-06 00:31:40"}
{"level":"info","message":"temp: 21.0°C, humidity: 60.0%","service":"your-service-name","timestamp":"2024-10-06 00:31:41"}
{"level":"info","message":"temp: 21.0°C, humidity: 60.0%","service":"your-service-name","timestamp":"2024-10-06 00:31:42"}
{"level":"info","message":"temp: 21.0°C, humidity: 60.0%","service":"your-service-name","timestamp":"2024-10-06 00:31:43"}
{"level":"info","message":"temp: 21.0°C, humidity: 60.0%","service":"your-service-name","timestamp":"2024-10-06 00:31:44"}
{"level":"info","message":"temp: 21.0°C, humidity: 60.0%","service":"your-service-name","timestamp":"2024-10-06 00:31:45"}
{"level":"info","message":"temp: 21.0°C, humidity: 60.0%","service":"your-service-name","timestamp":"2024-10-06 00:31:46"}
{"level":"info","message":"temp: 21.0°C, humidity: 60.0%","service":"your-service-name","timestamp":"2024-10-06 00:31:47"}
{"level":"info","message":"temp: 21.0°C, humidity: 60.0%","service":"your-service-name","timestamp":"2024-10-06 00:31:48"}
{"level":"info","message":"temp: 21.0°C, humidity: 60.0%","service":"your-service-name","timestamp":"2024-10-06 00:31:49"}
{"level":"info","message":"temp: 21.0°C, humidity: 60.0%","service":"your-service-name","timestamp":"2024-10-06 00:31:50"}
{"level":"info","message":"temp: 21.0°C, humidity: 60.0%","service":"your-service-name","timestamp":"2024-10-06 00:31:51"}
{"level":"info","message":"temp: 21.0°C, humidity: 60.0%","service":"your-service-name","timestamp":"2024-10-06 00:31:52"}
{"level":"info","message":"temp: 21.0°C, humidity: 60.0%","service":"your-service-name","timestamp":"2024-10-06 00:31:53"}
{"level":"info","message":"temp: 21.0°C, humidity: 60.0%","service":"your-service-name","timestamp":"2024-10-06 00:31:54"}
{"level":"info","message":"temp: 21.0°C, humidity: 60.0%","service":"your-service-name","timestamp":"2024-10-06 00:31:55"}
{"level":"info","message":"temp: 21.0°C, humidity: 60.0%","service":"your-service-name","timestamp":"2024-10-06 00:31:56"}
{"level":"info","message":"temp: 21.0°C, humidity: 60.0%","service":"your-service-name","timestamp":"2024-10-06 00:31:57"}
{"level":"info","message":"temp: 21.0°C, humidity: 60.0%","service":"your-service-name","timestamp":"2024-10-06 00:31:58"}
{"level":"info","message":"temp: 21.0°C, humidity: 60.0%","service":"your-service-name","timestamp":"2024-10-06 00:31:59"}
{"level":"info","message":"temp: 21.0°C, humidity: 60.0%","service":"your-service-name","timestamp":"2024-10-06 00:32:00"}
{"level":"info","message":"temp: 21.0°C, humidity: 60.0%","service":"your-service-name","timestamp":"2024-10-06 00:32:01"}
{"level":"info","message":"temp: 21.0°C, humidity: 60.0%","service":"your-service-name","timestamp":"2024-10-06 00:32:02"}
{"level":"info","message":"temp: 21.0°C, humidity: 60.0%","service":"your-service-name","timestamp":"2024-10-06 00:32:03"}
{"level":"info","message":"temp: 21.0°C, humidity: 60.0%","service":"your-service-name","timestamp":"2024-10-06 00:32:04"}
{"level":"info","message":"temp: 21.0°C, humidity: 60.0%","service":"your-service-name","timestamp":"2024-10-06 00:32:05"}
{"level":"info","message":"temp: 21.0°C, humidity: 60.0%","service":"your-service-name","timestamp":"2024-10-06 00:32:06"}
{"level":"info","message":"temp: 21.0°C, humidity: 60.0%","service":"your-service-name","timestamp":"2024-10-06 00:32:07"}
{"level":"info","message":"temp: 21.0°C, humidity: 60.0%","service":"your-service-name","timestamp":"2024-10-06 00:32:08"}
{"level":"info","message":"temp: 21.0°C, humidity: 60.0%","service":"your-service-name","timestamp":"2024-10-06 00:32:09"}
{"level":"info","message":"temp: 21.0°C, humidity: 60.0%","service":"your-service-name","timestamp":"2024-10-06 00:32:10"}
{"level":"info","message":"temp: 21.0°C, humidity: 60.0%","service":"your-service-name","timestamp":"2024-10-06 00:32:11"}
{"level":"info","message":"temp: 21.0°C, humidity: 60.0%","service":"your-service-name","timestamp":"2024-10-06 00:32:12"}
{"level":"info","message":"temp: 21.0°C, humidity: 60.0%","service":"your-service-name","timestamp":"2024-10-06 00:32:13"}
{"level":"info","message":"temp: 21.0°C, humidity: 60.0%","service":"your-service-name","timestamp":"2024-10-06 00:32:14"}
{"level":"info","message":"temp: 21.0°C, humidity: 60.0%","service":"your-service-name","timestamp":"2024-10-06 00:32:15"}
{"level":"info","message":"temp: 21.0°C, humidity: 60.0%","service":"your-service-name","timestamp":"2024-10-06 00:32:16"}
{"level":"info","message":"temp: 21.0°C, humidity: 60.0%","service":"your-service-name","timestamp":"2024-10-06 00:32:17"}
{"level":"info","message":"temp: 21.0°C, humidity: 60.0%","service":"your-service-name","timestamp":"2024-10-06 00:32:18"}
{"level":"info","message":"temp: 21.0°C, humidity: 60.0%","service":"your-service-name","timestamp":"2024-10-06 00:32:19"}
{"level":"info","message":"temp: 21.0°C, humidity: 60.0%","service":"your-service-name","timestamp":"2024-10-06 00:32:20"}
{"level":"info","message":"temp: 21.0°C, humidity: 60.0%","service":"your-service-name","timestamp":"2024-10-06 00:32:21"}
{"level":"info","message":"temp: 21.0°C, humidity: 60.0%","service":"your-service-name","timestamp":"2024-10-06 00:32:22"}
{"level":"info","message":"temp: 21.0°C, humidity: 60.0%","service":"your-service-name","timestamp":"2024-10-06 00:32:23"}
{"level":"info","message":"temp: 21.0°C, humidity: 60.0%","service":"your-service-name","timestamp":"2024-10-06 00:32:24"}
{"level":"info","message":"temp: 21.0°C, humidity: 60.0%","service":"your-service-name","timestamp":"2024-10-06 00:32:25"}
{"level":"info","message":"temp: 21.0°C, humidity: 60.0%","service":"your-service-name","timestamp":"2024-10-06 00:32:26"}
{"level":"info","message":"temp: 21.0°C, humidity: 60.0%","service":"your-service-name","timestamp":"2024-10-06 00:32:27"}
{"level":"info","message":"temp: 21.0°C, humidity: 60.0%","service":"your-service-name","timestamp":"2024-10-06 00:32:28"}
{"level":"info","message":"temp: 21.0°C, humidity: 60.0%","service":"your-service-name","timestamp":"2024-10-06 00:32:29"}
{"level":"info","message":"temp: 21.0°C, humidity: 60.0%","service":"your-service-name","timestamp":"2024-10-06 00:32:30"}
{"level":"info","message":"temp: 21.0°C, humidity: 60.0%","service":"your-service-name","timestamp":"2024-10-06 00:32:31"}
{"level":"info","message":"temp: 21.0°C, humidity: 60.0%","service":"your-service-name","timestamp":"2024-10-06 00:32:32"}
{"level":"info","message":"temp: 21.0°C, humidity: 60.0%","service":"your-service-name","timestamp":"2024-10-06 00:32:33"}
{"level":"info","message":"temp: 21.0°C, humidity: 60.0%","service":"your-service-name","timestamp":"2024-10-06 00:32:34"}
{"level":"info","message":"temp: 21.0°C, humidity: 60.0%","service":"your-service-name","timestamp":"2024-10-06 00:32:35"}
{"level":"info","message":"temp: 21.0°C, humidity: 60.0%","service":"your-service-name","timestamp":"2024-10-06 00:32:36"}
{"level":"info","message":"temp: 21.0°C, humidity: 60.0%","service":"your-service-name","timestamp":"2024-10-06 00:32:37"}
{"level":"info","message":"temp: 21.0°C, humidity: 60.0%","service":"your-service-name","timestamp":"2024-10-06 00:32:38"}
{"level":"info","message":"temp: 21.0°C, humidity: 60.0%","service":"your-service-name","timestamp":"2024-10-06 00:32:39"}
{"level":"info","message":"temp: 21.0°C, humidity: 60.0%","service":"your-service-name","timestamp":"2024-10-06 00:32:40"}
{"level":"info","message":"temp: 21.0°C, humidity: 60.0%","service":"your-service-name","timestamp":"2024-10-06 00:32:41"}
{"level":"info","message":"temp: 21.0°C, humidity: 60.0%","service":"your-service-name","timestamp":"2024-10-06 00:32:42"}
{"level":"info","message":"temp: 21.0°C, humidity: 60.0%","service":"your-service-name","timestamp":"2024-10-06 00:32:43"}
{"level":"info","message":"temp: 21.0°C, humidity: 60.0%","service":"your-service-name","timestamp":"2024-10-06 00:32:44"}
{"level":"info","message":"temp: 21.0°C, humidity: 60.0%","service":"your-service-name","timestamp":"2024-10-06 00:32:45"}
{"level":"info","message":"temp: 21.0°C, humidity: 60.0%","service":"your-service-name","timestamp":"2024-10-06 00:32:46"}
{"level":"info","message":"temp: 21.0°C, humidity: 60.0%","service":"your-service-name","timestamp":"2024-10-06 00:32:47"}
{"level":"info","message":"temp: 21.0°C, humidity: 60.0%","service":"your-service-name","timestamp":"2024-10-06 00:32:48"}
{"level":"info","message":"temp: 21.0°C, humidity: 60.0%","service":"your-service-name","timestamp":"2024-10-06 00:32:49"}
{"level":"info","message":"temp: 21.0°C, humidity: 60.0%","service":"your-service-name","timestamp":"2024-10-06 00:32:50"}
{"level":"info","message":"temp: 21.0°C, humidity: 60.0%","service":"your-service-name","timestamp":"2024-10-06 00:32:51"}
{"level":"info","message":"temp: 21.0°C, humidity: 60.0%","service":"your-service-name","timestamp":"2024-10-06 00:32:52"}
{"level":"info","message":"temp: 21.0°C, humidity: 60.0%","service":"your-service-name","timestamp":"2024-10-06 00:32:53"}
{"level":"info","message":"temp: 21.0°C, humidity: 60.0%","service":"your-service-name","timestamp":"2024-10-06 00:32:54"}
{"level":"info","message":"temp: 21.0°C, humidity: 60.0%","service":"your-service-name","timestamp":"2024-10-06 00:32:55"}
{"level":"info","message":"temp: 21.0°C, humidity: 60.0%","service":"your-service-name","timestamp":"2024-10-06 00:32:56"}
{"level":"info","message":"temp: 21.0°C, humidity: 60.0%","service":"your-service-name","timestamp":"2024-10-06 00:32:57"}
{"level":"info","message":"temp: 21.0°C, humidity: 60.0%","service":"your-service-name","timestamp":"2024-10-06 00:32:58"}
{"level":"info","message":"temp: 21.0°C, humidity: 60.0%","service":"your-service-name","timestamp":"2024-10-06 00:32:59"}
{"level":"info","message":"temp: 21.0°C, humidity: 60.0%","service":"your-service-name","timestamp":"2024-10-06 00:33:00"}
{"level":"info","message":"temp: 21.0°C, humidity: 60.0%","service":"your-service-name","timestamp":"2024-10-06 00:33:01"}
{"level":"info","message":"temp: 21.0°C, humidity: 60.0%","service":"your-service-name","timestamp":"2024-10-06 00:33:02"}
{"level":"info","message":"temp: 21.0°C, humidity: 60.0%","service":"your-service-name","timestamp":"2024-10-06 00:33:03"}
{"level":"info","message":"temp: 21.0°C, humidity: 60.0%","service":"your-service-name","timestamp":"2024-10-06 00:33:04"}
{"level":"info","message":"temp: 21.0°C, humidity: 60.0%","service":"your-service-name","timestamp":"2024-10-06 00:33:05"}
{"level":"info","message":"temp: 21.0°C, humidity: 60.0%","service":"your-service-name","timestamp":"2024-10-06 00:33:06"}
{"level":"info","message":"temp: 21.0°C, humidity: 60.0%","service":"your-service-name","timestamp":"2024-10-06 00:33:07"}
{"level":"info","message":"temp: 21.0°C, humidity: 60.0%","service":"your-service-name","timestamp":"2024-10-06 00:33:08"}
{"level":"info","message":"temp: 21.0°C, humidity: 60.0%","service":"your-service-name","timestamp":"2024-10-06 00:33:09"}
{"level":"info","message":"temp: 21.0°C, humidity: 60.0%","service":"your-service-name","timestamp":"2024-10-06 00:33:10"}
{"level":"info","message":"temp: 21.0°C, humidity: 60.0%","service":"your-service-name","timestamp":"2024-10-06 00:33:11"}
{"level":"info","message":"temp: 21.0°C, humidity: 60.0%","service":"your-service-name","timestamp":"2024-10-06 00:33:12"}
{"level":"info","message":"temp: 21.0°C, humidity: 60.0%","service":"your-service-name","timestamp":"2024-10-06 00:33:13"}
{"level":"info","message":"temp: 21.0°C, humidity: 60.0%","service":"your-service-name","timestamp":"2024-10-06 00:33:14"}
{"level":"info","message":"temp: 21.0°C, humidity: 60.0%","service":"your-service-name","timestamp":"2024-10-06 00:33:15"}
{"level":"info","message":"temp: 21.0°C, humidity: 60.0%","service":"your-service-name","timestamp":"2024-10-06 00:33:16"}
{"level":"info","message":"temp: 21.0°C, humidity: 60.0%","service":"your-service-name","timestamp":"2024-10-06 00:33:17"}
{"level":"info","message":"temp: 21.0°C, humidity: 60.0%","service":"your-service-name","timestamp":"2024-10-06 00:33:18"}
{"level":"info","message":"temp: 21.0°C, humidity: 60.0%","service":"your-service-name","timestamp":"2024-10-06 00:33:19"}
{"level":"info","message":"temp: 21.0°C, humidity: 60.0%","service":"your-service-name","timestamp":"2024-10-06 00:33:20"}
{"level":"info","message":"temp: 21.0°C, humidity: 60.0%","service":"your-service-name","timestamp":"2024-10-06 00:33:21"}
{"level":"info","message":"temp: 21.0°C, humidity: 60.0%","service":"your-service-name","timestamp":"2024-10-06 00:33:22"}
{"level":"info","message":"temp: 21.0°C, humidity: 60.0%","service":"your-service-name","timestamp":"2024-10-06 00:33:23"}
{"level":"info","message":"temp: 21.0°C, humidity: 60.0%","service":"your-service-name","timestamp":"2024-10-06 00:33:24"}
{"level":"info","message":"temp: 21.0°C, humidity: 60.0%","service":"your-service-name","timestamp":"2024-10-06 00:33:25"}
{"level":"info","message":"temp: 21.0°C, humidity: 60.0%","service":"your-service-name","timestamp":"2024-10-06 00:33:26"}
{"level":"info","message":"temp: 21.0°C, humidity: 60.0%","service":"your-service-name","timestamp":"2024-10-06 00:33:27"}
{"level":"info","message":"temp: 21.0°C, humidity: 60.0%","service":"your-service-name","timestamp":"2024-10-06 00:33:28"}
{"level":"info","message":"temp: 21.0°C, humidity: 60.0%","service":"your-service-name","timestamp":"2024-10-06 00:33:29"}
{"level":"info","message":"temp: 21.0°C, humidity: 60.0%","service":"your-service-name","timestamp":"2024-10-06 00:33:30"}
{"level":"info","message":"temp: 21.0°C, humidity: 60.0%","service":"your-service-name","timestamp":"2024-10-06 00:33:31"}
{"level":"info","message":"temp: 21.0°C, humidity: 60.0%","service":"your-service-name","timestamp":"2024-10-06 00:33:32"}
{"level":"info","message":"temp: 21.0°C, humidity: 60.0%","service":"your-service-name","timestamp":"2024-10-06 00:33:33"}
{"level":"info","message":"temp: 21.0°C, humidity: 60.0%","service":"your-service-name","timestamp":"2024-10-06 00:33:34"}
{"level":"info","message":"temp: 21.0°C, humidity: 60.0%","service":"your-service-name","timestamp":"2024-10-06 00:33:35"}
{"level":"info","message":"temp: 21.0°C, humidity: 60.0%","service":"your-service-name","timestamp":"2024-10-06 00:33:36"}
{"level":"info","message":"temp: 21.0°C, humidity: 60.0%","service":"your-service-name","timestamp":"2024-10-06 00:33:37"}
{"level":"info","message":"temp: 21.0°C, humidity: 60.0%","service":"your-service-name","timestamp":"2024-10-06 00:33:38"}
{"level":"info","message":"temp: 21.0°C, humidity: 60.0%","service":"your-service-name","timestamp":"2024-10-06 00:33:39"}
{"level":"info","message":"temp: 21.0°C, humidity: 60.0%","service":"your-service-name","timestamp":"2024-10-06 00:33:40"}
{"level":"info","message":"temp: 21.0°C, humidity: 60.0%","service":"your-service-name","timestamp":"2024-10-06 00:33:41"}
{"level":"info","message":"temp: 21.0°C, humidity: 60.0%","service":"your-service-name","timestamp":"2024-10-06 00:33:42"}
{"level":"info","message":"temp: 21.0°C, humidity: 60.0%","service":"your-service-name","timestamp":"2024-10-06 00:33:43"}
{"level":"info","message":"temp: 21.0°C, humidity: 60.0%","service":"your-service-name","timestamp":"2024-10-06 00:33:44"}
{"level":"info","message":"temp: 21.0°C, humidity: 60.0%","service":"your-service-name","timestamp":"2024-10-06 00:33:45"}
{"level":"info","message":"temp: 21.0°C, humidity: 60.0%","service":"your-service-name","timestamp":"2024-10-06 00:33:46"}
{"level":"info","message":"temp: 21.0°C, humidity: 60.0%","service":"your-service-name","timestamp":"2024-10-06 00:33:47"}
{"level":"info","message":"temp: 21.0°C, humidity: 60.0%","service":"your-service-name","timestamp":"2024-10-06 00:33:48"}
{"level":"info","message":"temp: 21.0°C, humidity: 60.0%","service":"your-service-name","timestamp":"2024-10-06 00:33:49"}
{"level":"info","message":"temp: 21.0°C, humidity: 60.0%","service":"your-service-name","timestamp":"2024-10-06 00:33:50"}
{"level":"info","message":"temp: 21.0°C, humidity: 60.0%","service":"your-service-name","timestamp":"2024-10-06 00:33:51"}
{"level":"info","message":"temp: 21.0°C, humidity: 60.0%","service":"your-service-name","timestamp":"2024-10-06 00:33:52"}
{"level":"info","message":"temp: 21.0°C, humidity: 60.0%","service":"your-service-name","timestamp":"2024-10-06 00:33:53"}
{"level":"info","message":"temp: 21.0°C, humidity: 60.0%","service":"your-service-name","timestamp":"2024-10-06 00:33:54"}
{"level":"info","message":"temp: 21.0°C, humidity: 60.0%","service":"your-service-name","timestamp":"2024-10-06 00:33:55"}
{"level":"info","message":"temp: 21.0°C, humidity: 60.0%","service":"your-service-name","timestamp":"2024-10-06 00:33:56"}
{"level":"info","message":"temp: 21.0°C, humidity: 60.0%","service":"your-service-name","timestamp":"2024-10-06 00:33:57"}
{"level":"info","message":"temp: 21.0°C, humidity: 60.0%","service":"your-service-name","timestamp":"2024-10-06 00:33:58"}
{"level":"info","message":"temp: 21.0°C, humidity: 60.0%","service":"your-service-name","timestamp":"2024-10-06 00:33:59"}
{"level":"info","message":"temp: 21.0°C, humidity: 60.0%","service":"your-service-name","timestamp":"2024-10-06 00:34:00"}
{"level":"info","message":"temp: 21.0°C, humidity: 60.0%","service":"your-service-name","timestamp":"2024-10-06 00:34:01"}
{"level":"info","message":"temp: 21.0°C, humidity: 60.0%","service":"your-service-name","timestamp":"2024-10-06 00:34:02"}
{"level":"info","message":"temp: 21.0°C, humidity: 60.0%","service":"your-service-name","timestamp":"2024-10-06 00:34:03"}
{"level":"info","message":"temp: 21.0°C, humidity: 60.0%","service":"your-service-name","timestamp":"2024-10-06 00:34:04"}
{"level":"info","message":"temp: 21.0°C, humidity: 60.0%","service":"your-service-name","timestamp":"2024-10-06 00:34:05"}
{"level":"info","message":"temp: 21.0°C, humidity: 60.0%","service":"your-service-name","timestamp":"2024-10-06 00:34:06"}
{"level":"info","message":"temp: 21.0°C, humidity: 60.0%","service":"your-service-name","timestamp":"2024-10-06 00:34:07"}
{"level":"info","message":"temp: 21.0°C, humidity: 60.0%","service":"your-service-name","timestamp":"2024-10-06 00:34:08"}
{"level":"info","message":"temp: 21.0°C, humidity: 60.0%","service":"your-service-name","timestamp":"2024-10-06 00:34:09"}
{"level":"info","message":"temp: 21.0°C, humidity: 60.0%","service":"your-service-name","timestamp":"2024-10-06 00:34:11"}
{"level":"info","message":"temp: 21.0°C, humidity: 60.0%","service":"your-service-name","timestamp":"2024-10-06 00:34:12"}
{"level":"info","message":"temp: 21.0°C, humidity: 60.0%","service":"your-service-name","timestamp":"2024-10-06 00:34:13"}
{"level":"info","message":"temp: 21.0°C, humidity: 60.0%","service":"your-service-name","timestamp":"2024-10-06 00:34:14"}
{"level":"info","message":"temp: 21.0°C, humidity: 60.0%","service":"your-service-name","timestamp":"2024-10-06 00:34:15"}
{"level":"info","message":"temp: 21.0°C, humidity: 60.0%","service":"your-service-name","timestamp":"2024-10-06 00:34:16"}
{"level":"info","message":"temp: 21.0°C, humidity: 60.0%","service":"your-service-name","timestamp":"2024-10-06 00:34:17"}
{"level":"info","message":"temp: 21.0°C, humidity: 60.0%","service":"your-service-name","timestamp":"2024-10-06 00:34:18"}
