{"level":"error","message":"Sensor:temp: 0.0°C, humidity: 0.0%. Fan: false, Heater: undefined","timestamp":"2024-10-26 17:25:59"}
{"level":"error","message":"Sensor:temp: 20.8°C, humidity: 64.3%. Fan: true, Heater: undefined","timestamp":"2024-10-26 17:26:01"}
{"level":"error","message":"Sensor:temp: 20.8°C, humidity: 64.3%. Fan: true, Heater: undefined","timestamp":"2024-10-26 17:26:03"}
{"level":"error","message":"Sensor:temp: 20.8°C, humidity: 64.3%. Fan: true, Heater: undefined","timestamp":"2024-10-26 17:26:05"}
{"level":"error","message":"Sensor:temp: 20.8°C, humidity: 64.3%. Fan: true, Heater: undefined","timestamp":"2024-10-26 17:26:07"}
{"level":"error","message":"Sensor:temp: 20.8°C, humidity: 64.3%. Fan: true, Heater: undefined","timestamp":"2024-10-26 17:26:09"}
{"level":"error","message":"Sensor:temp: 20.8°C, humidity: 64.3%. Fan: true, Heater: undefined","timestamp":"2024-10-26 17:26:11"}
{"level":"error","message":"Sensor:temp: 20.8°C, humidity: 64.3%. Fan: true, Heater: undefined","timestamp":"2024-10-26 17:26:13"}
{"level":"error","message":"Sensor:temp: 20.8°C, humidity: 64.3%. Fan: true, Heater: undefined","timestamp":"2024-10-26 17:26:15"}
{"level":"error","message":"Sensor:temp: 20.8°C, humidity: 64.3%. Fan: true, Heater: undefined","timestamp":"2024-10-26 17:26:17"}
{"level":"error","message":"Sensor:temp: 20.8°C, humidity: 64.3%. Fan: true, Heater: undefined","timestamp":"2024-10-26 17:26:19"}
{"level":"error","message":"Sensor:temp: 20.8°C, humidity: 64.3%. Fan: true, Heater: undefined","timestamp":"2024-10-26 17:26:21"}
{"level":"error","message":"Sensor:temp: 20.8°C, humidity: 64.3%. Fan: false, Heater: undefined","timestamp":"2024-10-26 17:26:23"}
{"level":"error","message":"Sensor:temp: 20.8°C, humidity: 64.3%. Fan: false, Heater: undefined","timestamp":"2024-10-26 17:26:25"}
{"level":"error","message":"Sensor:temp: 20.8°C, humidity: 64.3%. Fan: false, Heater: undefined","timestamp":"2024-10-26 17:26:27"}
{"level":"error","message":"Sensor:temp: 20.8°C, humidity: 64.3%. Fan: false, Heater: undefined","timestamp":"2024-10-26 17:26:29"}
{"level":"error","message":"Sensor:temp: 20.8°C, humidity: 64.3%. Fan: false, Heater: undefined","timestamp":"2024-10-26 17:26:31"}
{"level":"error","message":"Sensor:temp: 20.8°C, humidity: 64.3%. Fan: false, Heater: undefined","timestamp":"2024-10-26 17:26:33"}
{"level":"error","message":"Sensor:temp: 20.8°C, humidity: 64.3%. Fan: false, Heater: undefined","timestamp":"2024-10-26 17:26:35"}
{"level":"error","message":"Sensor:temp: 20.8°C, humidity: 64.3%. Fan: false, Heater: undefined","timestamp":"2024-10-26 17:26:37"}
{"level":"error","message":"Sensor:temp: 20.8°C, humidity: 64.3%. Fan: false, Heater: undefined","timestamp":"2024-10-26 17:26:39"}
{"level":"error","message":"Sensor:temp: 20.8°C, humidity: 64.3%. Fan: false, Heater: undefined","timestamp":"2024-10-26 17:26:41"}
{"level":"error","message":"Sensor:temp: 20.8°C, humidity: 64.3%. Fan: true, Heater: undefined","timestamp":"2024-10-26 17:26:43"}
{"level":"error","message":"Sensor:temp: 20.8°C, humidity: 64.3%. Fan: true, Heater: undefined","timestamp":"2024-10-26 17:26:45"}
{"level":"error","message":"Sensor:temp: 20.8°C, humidity: 64.3%. Fan: true, Heater: undefined","timestamp":"2024-10-26 17:26:47"}
{"level":"error","message":"Sensor:temp: 20.8°C, humidity: 64.3%. Fan: true, Heater: undefined","timestamp":"2024-10-26 17:26:49"}
{"level":"error","message":"Sensor:temp: 20.8°C, humidity: 64.3%. Fan: true, Heater: undefined","timestamp":"2024-10-26 17:26:51"}
{"level":"error","message":"Sensor:temp: 20.8°C, humidity: 64.3%. Fan: true, Heater: undefined","timestamp":"2024-10-26 17:26:53"}
{"level":"error","message":"Sensor:temp: 20.8°C, humidity: 64.3%. Fan: true, Heater: undefined","timestamp":"2024-10-26 17:26:55"}
{"level":"error","message":"Sensor:temp: 20.8°C, humidity: 64.3%. Fan: true, Heater: undefined","timestamp":"2024-10-26 17:26:57"}
{"level":"error","message":"Sensor:temp: 20.8°C, humidity: 64.3%. Fan: true, Heater: undefined","timestamp":"2024-10-26 17:26:59"}
{"level":"error","message":"Sensor:temp: 20.8°C, humidity: 64.3%. Fan: true, Heater: undefined","timestamp":"2024-10-26 17:27:01"}
{"level":"error","message":"Sensor:temp: 20.8°C, humidity: 64.3%. Fan: false, Heater: undefined","timestamp":"2024-10-26 17:27:03"}
{"level":"error","message":"Sensor:temp: 20.8°C, humidity: 64.3%. Fan: false, Heater: undefined","timestamp":"2024-10-26 17:27:05"}
{"level":"error","message":"Sensor:temp: 20.8°C, humidity: 64.3%. Fan: false, Heater: undefined","timestamp":"2024-10-26 17:27:07"}
{"level":"error","message":"Sensor:temp: 20.8°C, humidity: 64.3%. Fan: false, Heater: undefined","timestamp":"2024-10-26 17:27:09"}
{"level":"error","message":"Sensor:temp: 20.8°C, humidity: 64.3%. Fan: false, Heater: undefined","timestamp":"2024-10-26 17:27:11"}
{"level":"error","message":"Sensor:temp: 20.8°C, humidity: 64.3%. Fan: false, Heater: undefined","timestamp":"2024-10-26 17:27:13"}
{"level":"error","message":"Sensor:temp: 20.8°C, humidity: 64.3%. Fan: false, Heater: undefined","timestamp":"2024-10-26 17:27:15"}
{"level":"error","message":"Sensor:temp: 20.8°C, humidity: 64.3%. Fan: false, Heater: undefined","timestamp":"2024-10-26 17:27:17"}
{"level":"error","message":"Sensor:temp: 20.8°C, humidity: 64.3%. Fan: false, Heater: undefined","timestamp":"2024-10-26 17:27:19"}
{"level":"error","message":"Sensor:temp: 20.8°C, humidity: 64.3%. Fan: false, Heater: undefined","timestamp":"2024-10-26 17:27:21"}
{"level":"error","message":"Sensor:temp: 20.8°C, humidity: 64.3%. Fan: true, Heater: undefined","timestamp":"2024-10-26 17:27:23"}
{"level":"error","message":"Sensor:temp: 20.8°C, humidity: 64.3%. Fan: true, Heater: undefined","timestamp":"2024-10-26 17:27:25"}
{"level":"error","message":"Sensor:temp: 20.8°C, humidity: 64.3%. Fan: true, Heater: undefined","timestamp":"2024-10-26 17:27:27"}
{"level":"error","message":"Sensor:temp: 20.8°C, humidity: 64.3%. Fan: true, Heater: undefined","timestamp":"2024-10-26 17:27:29"}
{"level":"error","message":"Sensor:temp: 20.8°C, humidity: 64.3%. Fan: true, Heater: undefined","timestamp":"2024-10-26 17:27:31"}
{"level":"error","message":"Sensor:temp: 20.8°C, humidity: 64.3%. Fan: true, Heater: undefined","timestamp":"2024-10-26 17:27:33"}
{"level":"error","message":"Sensor:temp: 20.8°C, humidity: 64.3%. Fan: true, Heater: undefined","timestamp":"2024-10-26 17:27:35"}
{"level":"error","message":"Sensor:temp: 20.8°C, humidity: 64.3%. Fan: true, Heater: undefined","timestamp":"2024-10-26 17:27:37"}
{"level":"error","message":"Sensor:temp: 20.8°C, humidity: 64.3%. Fan: true, Heater: undefined","timestamp":"2024-10-26 17:27:39"}
{"level":"error","message":"Sensor:temp: 20.8°C, humidity: 64.3%. Fan: true, Heater: undefined","timestamp":"2024-10-26 17:27:41"}
{"level":"error","message":"Sensor:temp: 20.8°C, humidity: 64.3%. Fan: false, Heater: undefined","timestamp":"2024-10-26 17:27:43"}
{"level":"error","message":"Sensor:temp: 20.8°C, humidity: 64.3%. Fan: false, Heater: undefined","timestamp":"2024-10-26 17:27:45"}
{"level":"error","message":"Sensor:temp: 20.8°C, humidity: 64.3%. Fan: false, Heater: undefined","timestamp":"2024-10-26 17:27:47"}
{"level":"error","message":"Sensor:temp: 20.8°C, humidity: 64.3%. Fan: false, Heater: undefined","timestamp":"2024-10-26 17:27:49"}
{"level":"error","message":"Sensor:temp: 20.8°C, humidity: 64.3%. Fan: false, Heater: undefined","timestamp":"2024-10-26 17:27:51"}
{"level":"error","message":"Sensor:temp: 20.8°C, humidity: 64.3%. Fan: false, Heater: undefined","timestamp":"2024-10-26 17:27:53"}
{"level":"error","message":"Sensor:temp: 20.8°C, humidity: 64.3%. Fan: false, Heater: undefined","timestamp":"2024-10-26 17:27:55"}
{"level":"error","message":"Sensor:temp: 20.8°C, humidity: 64.3%. Fan: false, Heater: undefined","timestamp":"2024-10-26 17:27:57"}
{"level":"error","message":"Sensor:temp: 20.8°C, humidity: 64.3%. Fan: false, Heater: undefined","timestamp":"2024-10-26 17:27:59"}
{"level":"error","message":"Sensor:temp: 20.8°C, humidity: 64.3%. Fan: false, Heater: undefined","timestamp":"2024-10-26 17:28:01"}
{"level":"error","message":"Sensor:temp: 20.8°C, humidity: 64.3%. Fan: true, Heater: undefined","timestamp":"2024-10-26 17:28:03"}
{"level":"error","message":"Sensor:temp: 20.8°C, humidity: 64.3%. Fan: true, Heater: undefined","timestamp":"2024-10-26 17:28:05"}
{"level":"error","message":"Sensor:temp: 20.8°C, humidity: 64.3%. Fan: true, Heater: undefined","timestamp":"2024-10-26 17:28:07"}
{"level":"error","message":"Sensor:temp: 20.8°C, humidity: 64.3%. Fan: true, Heater: undefined","timestamp":"2024-10-26 17:28:09"}
{"level":"error","message":"Sensor:temp: 20.8°C, humidity: 64.3%. Fan: true, Heater: undefined","timestamp":"2024-10-26 17:28:11"}
{"level":"error","message":"Sensor:temp: 20.8°C, humidity: 64.3%. Fan: true, Heater: undefined","timestamp":"2024-10-26 17:28:13"}
{"level":"error","message":"Sensor:temp: 20.8°C, humidity: 64.3%. Fan: true, Heater: undefined","timestamp":"2024-10-26 17:28:15"}
{"level":"error","message":"Sensor:temp: 20.8°C, humidity: 64.3%. Fan: true, Heater: undefined","timestamp":"2024-10-26 17:28:17"}
{"level":"error","message":"Sensor:temp: 20.8°C, humidity: 64.3%. Fan: true, Heater: undefined","timestamp":"2024-10-26 17:28:19"}
{"level":"error","message":"Sensor:temp: 20.8°C, humidity: 64.3%. Fan: true, Heater: undefined","timestamp":"2024-10-26 17:28:21"}
undefined
undefined
undefined
undefined
undefined
undefined
undefined
undefined
undefined
undefined
undefined
undefined
undefined
undefined
undefined
undefined
undefined
undefined
undefined
undefined
undefined
undefined
undefined
undefined
undefined
undefined
undefined
undefined
undefined
undefined
undefined
undefined
undefined
undefined
undefined
undefined
undefined
undefined
undefined
undefined
undefined
undefined
undefined
undefined
undefined
undefined
undefined
undefined
undefined
undefined
undefined
undefined
undefined
undefined
undefined
undefined
undefined
undefined
undefined
undefined
undefined
undefined
undefined
undefined
undefined
undefined
undefined
undefined
undefined
undefined
undefined
undefined
undefined
undefined
undefined
undefined
undefined
undefined
undefined
undefined
undefined
undefined
undefined
undefined
undefined
undefined
undefined
undefined
undefined
undefined
undefined
undefined
undefined
undefined
undefined
undefined
undefined
undefined
undefined
undefined
undefined
undefined
undefined
undefined
undefined
undefined
undefined
undefined
undefined
undefined
undefined
undefined
undefined
undefined
undefined
undefined
undefined
undefined
undefined
undefined
undefined
undefined
undefined
undefined
undefined
undefined
undefined
undefined
undefined
undefined
undefined
undefined
undefined
undefined
undefined
undefined
undefined
undefined
undefined
undefined
undefined
undefined
undefined
undefined
undefined
undefined
undefined
undefined
undefined
undefined
undefined
undefined
undefined
undefined
undefined
undefined
undefined
undefined
undefined
undefined
undefined
undefined
undefined
undefined
undefined
undefined
undefined
undefined
undefined
undefined
undefined
undefined
undefined
undefined
undefined
undefined
undefined
undefined
undefined
undefined
undefined
undefined
undefined
undefined
undefined
undefined
undefined
undefined
undefined
undefined
undefined
undefined
undefined
undefined
undefined
undefined
undefined
undefined
undefined
undefined
undefined
undefined
undefined
undefined
undefined
undefined
undefined
undefined
undefined
undefined
undefined
undefined
undefined
undefined
undefined
undefined
undefined
undefined
undefined
undefined
undefined
undefined
undefined
undefined
undefined
undefined
undefined
undefined
undefined
undefined
undefined
undefined
undefined
undefined
undefined
undefined
undefined
undefined
undefined
undefined
undefined
undefined
undefined
undefined
undefined
undefined
undefined
undefined
undefined
undefined
undefined
undefined
undefined
undefined
undefined
undefined
undefined
undefined
undefined
undefined
undefined
undefined
undefined
undefined
undefined
undefined
undefined
undefined
undefined
undefined
undefined
undefined
undefined
undefined
undefined
undefined
undefined
undefined
undefined
undefined
undefined
undefined
undefined
undefined
undefined
undefined
undefined
undefined
undefined
undefined
undefined
undefined
undefined
undefined
undefined
undefined
undefined
undefined
undefined
undefined
undefined
undefined
undefined
undefined
undefined
undefined
undefined
undefined
undefined
undefined
undefined
undefined
undefined
undefined
undefined
undefined
undefined
undefined
undefined
undefined
undefined
undefined
undefined
undefined
undefined
undefined
undefined
undefined
undefined
undefined
undefined
undefined
undefined
undefined
undefined
undefined
undefined
undefined
undefined
undefined
undefined
undefined
undefined
undefined
undefined
undefined
undefined
undefined
undefined
undefined
undefined
undefined
undefined
undefined
undefined
undefined
undefined
undefined
undefined
undefined
undefined
undefined
undefined
undefined
undefined
undefined
undefined
undefined
undefined
undefined
undefined
undefined
undefined
undefined
undefined
undefined
undefined
undefined
undefined
undefined
undefined
undefined
undefined
undefined
undefined
undefined
undefined
undefined
undefined
undefined
undefined
undefined
undefined
undefined
undefined
undefined
undefined
undefined
undefined
undefined
undefined
undefined
undefined
undefined
undefined
undefined
undefined
undefined
undefined
undefined
undefined
undefined
undefined
undefined
undefined
undefined
undefined
undefined
undefined
undefined
undefined
undefined
undefined
undefined
undefined
undefined
undefined
undefined
undefined
undefined
undefined
undefined
undefined
undefined
undefined
undefined
undefined
undefined
undefined
undefined
undefined
undefined
undefined
undefined
undefined
undefined
undefined
undefined
undefined
undefined
undefined
undefined
undefined
undefined
undefined
undefined
undefined
undefined
undefined
undefined
undefined
undefined
undefined
undefined
undefined
undefined
undefined
undefined
undefined
undefined
undefined
undefined
undefined
undefined
undefined
undefined
undefined
undefined
undefined
undefined
undefined
undefined
undefined
undefined
undefined
undefined
undefined
undefined
undefined
undefined
undefined
undefined
undefined
undefined
undefined
undefined
undefined
undefined
undefined
undefined
undefined
undefined
undefined
undefined
undefined
undefined
undefined
undefined
undefined
undefined
undefined
undefined
undefined
undefined
undefined
undefined
undefined
undefined
undefined
undefined
undefined
undefined
undefined
undefined
undefined
undefined
undefined
undefined
undefined
undefined
undefined
undefined
undefined
undefined
undefined
undefined
undefined
undefined
undefined
undefined
undefined
undefined
undefined
undefined
undefined
undefined
undefined
{"level":"error","message":"Sensor:temp: 0.0°C, humidity: 0.0%. Fan: false, Heater: undefined","service":"controller_js","timestamp":"17:48:16"}
{"level":"error","message":"Sensor:temp: 20.6°C, humidity: 64.1%. Fan: true, Heater: undefined","service":"controller_js","timestamp":"17:48:18"}
{"level":"error","message":"Sensor:temp: 20.6°C, humidity: 64.1%. Fan: true, Heater: undefined","service":"controller_js","timestamp":"17:48:20"}
{"level":"error","message":"Sensor:temp: 20.6°C, humidity: 64.1%. Fan: true, Heater: undefined","service":"controller_js","timestamp":"17:48:22"}
{"level":"error","message":"Sensor:temp: 20.6°C, humidity: 64.1%. Fan: true, Heater: undefined","service":"controller_js","timestamp":"17:48:24"}
{"level":"error","message":"Sensor:temp: 20.6°C, humidity: 64.1%. Fan: true, Heater: undefined","service":"controller_js","timestamp":"17:48:26"}
{"level":"error","message":"Sensor:temp: 20.6°C, humidity: 64.1%. Fan: true, Heater: undefined","service":"controller_js","timestamp":"17:48:28"}
{"level":"error","message":"Sensor:temp: 20.6°C, humidity: 64.1%. Fan: true, Heater: undefined","service":"controller_js","timestamp":"17:48:30"}
{"level":"error","message":"Sensor:temp: 20.6°C, humidity: 64.1%. Fan: true, Heater: undefined","service":"controller_js","timestamp":"17:48:32"}
{"level":"error","message":"Sensor:temp: 20.6°C, humidity: 64.1%. Fan: true, Heater: undefined","service":"controller_js","timestamp":"17:48:34"}
{"level":"error","message":"Sensor:temp: 20.6°C, humidity: 64.1%. Fan: true, Heater: undefined","service":"controller_js","timestamp":"17:48:36"}
{"level":"error","message":"Sensor:temp: 20.6°C, humidity: 64.1%. Fan: true, Heater: undefined","service":"controller_js","timestamp":"17:48:38"}
{"level":"error","message":"Sensor:temp: 20.6°C, humidity: 64.1%. Fan: false, Heater: undefined","service":"controller_js","timestamp":"17:48:40"}
{"level":"error","message":"Sensor:temp: 20.6°C, humidity: 64.1%. Fan: false, Heater: undefined","service":"controller_js","timestamp":"17:48:42"}
{"level":"error","message":"Sensor:temp: 20.6°C, humidity: 64.1%. Fan: false, Heater: undefined","service":"controller_js","timestamp":"17:48:44"}
{"level":"error","message":"Sensor:temp: 20.6°C, humidity: 64.1%. Fan: false, Heater: undefined","service":"controller_js","timestamp":"17:48:46"}
{"level":"error","message":"Sensor:temp: 20.6°C, humidity: 64.1%. Fan: false, Heater: undefined","service":"controller_js","timestamp":"17:48:48"}
{"level":"error","message":"Sensor:temp: 20.6°C, humidity: 64.1%. Fan: false, Heater: undefined","service":"controller_js","timestamp":"17:48:50"}
{"level":"error","message":"Sensor:temp: 20.6°C, humidity: 64.1%. Fan: false, Heater: undefined","service":"controller_js","timestamp":"17:48:52"}
{"level":"error","message":"Sensor:temp: 20.6°C, humidity: 64.1%. Fan: false, Heater: undefined","service":"controller_js","timestamp":"17:48:54"}
{"level":"error","message":"Sensor:temp: 20.6°C, humidity: 64.1%. Fan: false, Heater: undefined","service":"controller_js","timestamp":"17:48:56"}
{"level":"error","message":"Sensor:temp: 20.6°C, humidity: 64.1%. Fan: false, Heater: undefined","service":"controller_js","timestamp":"17:48:58"}
{"level":"error","message":"Sensor:temp: 20.6°C, humidity: 64.1%. Fan: true, Heater: undefined","service":"controller_js","timestamp":"17:49:00"}
{"level":"error","message":"Sensor:temp: 20.6°C, humidity: 64.1%. Fan: true, Heater: undefined","service":"controller_js","timestamp":"17:49:02"}
{"level":"error","message":"Sensor:temp: 20.6°C, humidity: 64.1%. Fan: true, Heater: undefined","service":"controller_js","timestamp":"17:49:04"}
{"level":"error","message":"Sensor:temp: 0.0°C, humidity: 0.0%. Fan: false, Heater: undefined","service":"controller_js","timestamp":"17:50:04"}
{"level":"error","message":"Sensor:temp: 20.6°C, humidity: 64.1%. Fan: true, Heater: undefined","service":"controller_js","timestamp":"17:50:06"}
{"level":"error","message":"Sensor:temp: 20.6°C, humidity: 64.1%. Fan: true, Heater: undefined","service":"controller_js","timestamp":"17:50:08"}
{"level":"error","message":"Sensor:temp: 20.6°C, humidity: 64.1%. Fan: true, Heater: undefined","service":"controller_js","timestamp":"17:50:10"}
{"level":"error","message":"Sensor:temp: 20.6°C, humidity: 64.1%. Fan: true, Heater: undefined","service":"controller_js","timestamp":"17:50:12"}
{"level":"error","message":"Sensor:temp: 20.6°C, humidity: 64.1%. Fan: true, Heater: undefined","service":"controller_js","timestamp":"17:50:14"}
{"level":"error","message":"Sensor:temp: 20.6°C, humidity: 64.1%. Fan: true, Heater: undefined","service":"controller_js","timestamp":"17:50:16"}
{"level":"error","message":"Sensor:temp: 20.6°C, humidity: 64.1%. Fan: true, Heater: undefined","service":"controller_js","timestamp":"17:50:18"}
{"level":"error","message":"Sensor:temp: 20.6°C, humidity: 64.1%. Fan: true, Heater: undefined","service":"controller_js","timestamp":"17:50:20"}
{"level":"error","message":"Sensor:temp: 20.6°C, humidity: 64.1%. Fan: true, Heater: undefined","service":"controller_js","timestamp":"17:50:22"}
{"level":"error","message":"Sensor:temp: 20.6°C, humidity: 64.1%. Fan: true, Heater: undefined","service":"controller_js","timestamp":"17:50:24"}
{"level":"error","message":"Sensor:temp: 20.6°C, humidity: 64.1%. Fan: true, Heater: undefined","service":"controller_js","timestamp":"17:50:26"}
{"level":"error","message":"Sensor:temp: 20.6°C, humidity: 64.1%. Fan: false, Heater: undefined","service":"controller_js","timestamp":"17:50:28"}
{"level":"error","message":"Sensor:temp: 20.6°C, humidity: 64.1%. Fan: false, Heater: undefined","service":"controller_js","timestamp":"17:50:30"}
{"level":"error","message":"Sensor:temp: 20.6°C, humidity: 64.1%. Fan: false, Heater: undefined","service":"controller_js","timestamp":"17:50:32"}
{"level":"error","message":"Sensor:temp: 20.6°C, humidity: 64.1%. Fan: false, Heater: undefined","service":"controller_js","timestamp":"17:50:34"}
{"level":"error","message":"Sensor:temp: 20.6°C, humidity: 64.1%. Fan: false, Heater: undefined","service":"controller_js","timestamp":"17:50:36"}
{"level":"error","message":"Sensor:temp: 20.6°C, humidity: 64.1%. Fan: false, Heater: undefined","service":"controller_js","timestamp":"17:50:38"}
{"level":"error","message":"Sensor:temp: 20.6°C, humidity: 64.1%. Fan: false, Heater: undefined","service":"controller_js","timestamp":"17:50:40"}
{"level":"error","message":"Sensor:temp: 20.6°C, humidity: 64.1%. Fan: false, Heater: undefined","service":"controller_js","timestamp":"17:50:42"}
{"level":"error","message":"Sensor:temp: 20.6°C, humidity: 64.1%. Fan: false, Heater: undefined","service":"controller_js","timestamp":"17:50:44"}
{"level":"error","message":"Sensor:temp: 20.6°C, humidity: 64.1%. Fan: false, Heater: undefined","service":"controller_js","timestamp":"17:50:46"}
{"level":"error","message":"Sensor:temp: 20.6°C, humidity: 64.1%. Fan: true, Heater: undefined","service":"controller_js","timestamp":"17:50:48"}
{"level":"error","message":"Sensor:temp: 20.6°C, humidity: 64.1%. Fan: true, Heater: undefined","service":"controller_js","timestamp":"17:50:50"}
{"level":"error","message":"Sensor:temp: 20.6°C, humidity: 64.1%. Fan: true, Heater: undefined","service":"controller_js","timestamp":"17:50:52"}
{"level":"error","message":"Sensor:temp: 20.6°C, humidity: 64.1%. Fan: true, Heater: undefined","service":"controller_js","timestamp":"17:50:54"}
{"level":"error","message":"Sensor:temp: 20.6°C, humidity: 64.1%. Fan: true, Heater: undefined","service":"controller_js","timestamp":"17:50:56"}
{"level":"error","message":"Sensor:temp: 20.6°C, humidity: 64.1%. Fan: true, Heater: undefined","service":"controller_js","timestamp":"17:50:58"}
{"level":"error","message":"Sensor:temp: 20.6°C, humidity: 64.1%. Fan: true, Heater: undefined","service":"controller_js","timestamp":"17:51:00"}
{"level":"error","message":"Sensor:temp: 20.6°C, humidity: 64.1%. Fan: true, Heater: undefined","service":"controller_js","timestamp":"17:51:02"}
{"level":"error","message":"Sensor:temp: 20.6°C, humidity: 64.1%. Fan: true, Heater: undefined","service":"controller_js","timestamp":"17:51:04"}
{"level":"error","message":"Sensor:temp: 20.6°C, humidity: 64.1%. Fan: true, Heater: undefined","service":"controller_js","timestamp":"17:51:06"}
{"level":"error","message":"Sensor:temp: 20.6°C, humidity: 64.1%. Fan: false, Heater: undefined","service":"controller_js","timestamp":"17:51:08"}
{"level":"error","message":"Sensor:temp: 20.6°C, humidity: 64.1%. Fan: false, Heater: undefined","service":"controller_js","timestamp":"17:51:10"}
{"level":"error","message":"Sensor:temp: 20.6°C, humidity: 64.1%. Fan: false, Heater: undefined","service":"controller_js","timestamp":"17:51:12"}
{"level":"error","message":"Sensor:temp: 20.6°C, humidity: 64.1%. Fan: false, Heater: undefined","service":"controller_js","timestamp":"17:51:14"}
{"level":"error","message":"Sensor:temp: 20.6°C, humidity: 64.1%. Fan: false, Heater: undefined","service":"controller_js","timestamp":"17:51:16"}
{"level":"error","message":"Sensor:temp: 20.6°C, humidity: 64.1%. Fan: false, Heater: undefined","service":"controller_js","timestamp":"17:51:18"}
{"level":"error","message":"Sensor:temp: 20.6°C, humidity: 64.1%. Fan: false, Heater: undefined","service":"controller_js","timestamp":"17:51:20"}
{"level":"error","message":"Sensor:temp: 0.0°C, humidity: 0.0%. Fan: false, Heater: undefined","service":"controller_js","timestamp":"17:51:29"}
{"level":"error","message":"Sensor:temp: 20.6°C, humidity: 64.2%. Fan: true, Heater: undefined","service":"controller_js","timestamp":"17:51:31"}
{"level":"error","message":"Sensor:temp: 20.6°C, humidity: 64.2%. Fan: true, Heater: undefined","service":"controller_js","timestamp":"17:51:33"}
{"level":"error","message":"Sensor:temp: 20.6°C, humidity: 64.2%. Fan: true, Heater: undefined","service":"controller_js","timestamp":"17:51:35"}
{"level":"error","message":"Sensor:temp: 20.6°C, humidity: 64.2%. Fan: true, Heater: undefined","service":"controller_js","timestamp":"17:51:37"}
{"level":"error","message":"Sensor:temp: 20.6°C, humidity: 64.2%. Fan: true, Heater: undefined","service":"controller_js","timestamp":"17:51:39"}
{"level":"error","message":"Sensor:temp: 20.6°C, humidity: 64.2%. Fan: true, Heater: undefined","service":"controller_js","timestamp":"17:51:41"}
{"level":"error","message":"Sensor:temp: 20.6°C, humidity: 64.2%. Fan: true, Heater: undefined","service":"controller_js","timestamp":"17:51:43"}
{"level":"error","message":"Sensor:temp: 20.6°C, humidity: 64.2%. Fan: true, Heater: undefined","service":"controller_js","timestamp":"17:51:45"}
{"level":"error","message":"Sensor:temp: 20.6°C, humidity: 64.2%. Fan: true, Heater: undefined","service":"controller_js","timestamp":"17:51:47"}
{"level":"error","message":"Sensor:temp: 20.6°C, humidity: 64.2%. Fan: true, Heater: undefined","service":"controller_js","timestamp":"17:51:49"}
{"level":"error","message":"Sensor:temp: 20.6°C, humidity: 64.2%. Fan: true, Heater: undefined","service":"controller_js","timestamp":"17:51:51"}
{"level":"error","message":"Sensor:temp: 20.6°C, humidity: 64.2%. Fan: false, Heater: undefined","service":"controller_js","timestamp":"17:51:53"}
{"level":"error","message":"Sensor:temp: 20.6°C, humidity: 64.2%. Fan: false, Heater: undefined","service":"controller_js","timestamp":"17:51:55"}
{"level":"error","message":"Sensor:temp: 20.6°C, humidity: 64.2%. Fan: false, Heater: undefined","service":"controller_js","timestamp":"17:51:57"}
{"level":"error","message":"Sensor:temp: 20.6°C, humidity: 64.2%. Fan: false, Heater: undefined","service":"controller_js","timestamp":"17:51:59"}
{"level":"error","message":"Sensor:temp: 20.6°C, humidity: 64.2%. Fan: false, Heater: undefined","service":"controller_js","timestamp":"17:52:01"}
{"level":"error","message":"Sensor:temp: 20.6°C, humidity: 64.2%. Fan: false, Heater: undefined","service":"controller_js","timestamp":"17:52:03"}
{"level":"error","message":"Sensor:temp: 20.6°C, humidity: 64.2%. Fan: false, Heater: undefined","service":"controller_js","timestamp":"17:52:05"}
{"level":"error","message":"Sensor:temp: 20.6°C, humidity: 64.2%. Fan: false, Heater: undefined","service":"controller_js","timestamp":"17:52:07"}
{"level":"error","message":"Sensor:temp: 20.6°C, humidity: 64.2%. Fan: false, Heater: undefined","service":"controller_js","timestamp":"17:52:09"}
{"level":"error","message":"Sensor:temp: 20.6°C, humidity: 64.2%. Fan: false, Heater: undefined","service":"controller_js","timestamp":"17:52:11"}
{"level":"error","message":"Sensor:temp: 20.6°C, humidity: 64.2%. Fan: true, Heater: undefined","service":"controller_js","timestamp":"17:52:13"}
{"level":"error","message":"Sensor:temp: 20.6°C, humidity: 64.2%. Fan: true, Heater: undefined","service":"controller_js","timestamp":"17:52:15"}
{"level":"error","message":"Sensor:temp: 20.6°C, humidity: 64.2%. Fan: true, Heater: undefined","service":"controller_js","timestamp":"17:52:17"}
{"level":"error","message":"Sensor:temp: 20.6°C, humidity: 64.2%. Fan: true, Heater: undefined","service":"controller_js","timestamp":"17:52:19"}
{"level":"error","message":"Sensor:temp: 20.6°C, humidity: 64.2%. Fan: true, Heater: undefined","service":"controller_js","timestamp":"17:52:21"}
{"level":"error","message":"Sensor:temp: 20.6°C, humidity: 64.2%. Fan: true, Heater: undefined","service":"controller_js","timestamp":"17:52:23"}
{"level":"error","message":"Sensor:temp: 20.6°C, humidity: 64.2%. Fan: true, Heater: undefined","service":"controller_js","timestamp":"17:52:25"}
{"level":"error","message":"Sensor:temp: 20.6°C, humidity: 64.2%. Fan: true, Heater: undefined","service":"controller_js","timestamp":"17:52:27"}
{"level":"error","message":"Sensor:temp: 20.6°C, humidity: 64.2%. Fan: true, Heater: undefined","service":"controller_js","timestamp":"17:52:29"}
{"level":"error","message":"Sensor:temp: 20.6°C, humidity: 64.2%. Fan: true, Heater: undefined","service":"controller_js","timestamp":"17:52:31"}
{"level":"error","message":"Sensor:temp: 20.6°C, humidity: 64.2%. Fan: false, Heater: undefined","service":"controller_js","timestamp":"17:52:33"}
{"level":"error","message":"Sensor:temp: 20.6°C, humidity: 64.2%. Fan: false, Heater: undefined","service":"controller_js","timestamp":"17:52:35"}
{"level":"error","message":"Sensor:temp: 20.6°C, humidity: 64.2%. Fan: false, Heater: undefined","service":"controller_js","timestamp":"17:52:37"}
{"level":"error","message":"Sensor:temp: 20.6°C, humidity: 64.2%. Fan: false, Heater: undefined","service":"controller_js","timestamp":"17:52:39"}
{"level":"error","message":"Sensor:temp: 20.6°C, humidity: 64.2%. Fan: false, Heater: undefined","service":"controller_js","timestamp":"17:52:41"}
{"level":"error","message":"Sensor:temp: 20.6°C, humidity: 64.2%. Fan: false, Heater: undefined","service":"controller_js","timestamp":"17:52:43"}
{"level":"error","message":"Sensor:temp: 20.6°C, humidity: 64.2%. Fan: false, Heater: undefined","service":"controller_js","timestamp":"17:52:45"}
{"level":"error","message":"Sensor:temp: 20.6°C, humidity: 64.2%. Fan: false, Heater: undefined","service":"controller_js","timestamp":"17:52:47"}
{"level":"error","message":"Sensor:temp: 20.6°C, humidity: 64.2%. Fan: false, Heater: undefined","service":"controller_js","timestamp":"17:52:49"}
{"level":"error","message":"Sensor:temp: 20.6°C, humidity: 64.2%. Fan: false, Heater: undefined","service":"controller_js","timestamp":"17:52:51"}
{"level":"error","message":"Sensor:temp: 20.6°C, humidity: 64.2%. Fan: true, Heater: undefined","service":"controller_js","timestamp":"17:52:53"}
{"level":"error","message":"Sensor:temp: 20.6°C, humidity: 64.2%. Fan: true, Heater: undefined","service":"controller_js","timestamp":"17:52:55"}
{"level":"error","message":"Sensor:temp: 20.6°C, humidity: 64.2%. Fan: true, Heater: undefined","service":"controller_js","timestamp":"17:52:57"}
{"level":"error","message":"Sensor:temp: 20.6°C, humidity: 64.2%. Fan: true, Heater: undefined","service":"controller_js","timestamp":"17:52:59"}
{"level":"error","message":"Sensor:temp: 20.6°C, humidity: 64.2%. Fan: true, Heater: undefined","service":"controller_js","timestamp":"17:53:01"}
{"level":"error","message":"Sensor:temp: 20.6°C, humidity: 64.2%. Fan: true, Heater: undefined","service":"controller_js","timestamp":"17:53:03"}
{"level":"error","message":"Sensor:temp: 20.6°C, humidity: 64.2%. Fan: true, Heater: undefined","service":"controller_js","timestamp":"17:53:05"}
{"level":"error","message":"Sensor:temp: 20.6°C, humidity: 64.2%. Fan: true, Heater: undefined","service":"controller_js","timestamp":"17:53:07"}
{"level":"error","message":"Sensor:temp: 20.6°C, humidity: 64.2%. Fan: true, Heater: undefined","service":"controller_js","timestamp":"17:53:09"}
{"level":"error","message":"Sensor:temp: 20.6°C, humidity: 64.2%. Fan: true, Heater: undefined","service":"controller_js","timestamp":"17:53:11"}
{"level":"error","message":"Sensor:temp: 20.6°C, humidity: 64.2%. Fan: false, Heater: undefined","service":"controller_js","timestamp":"17:53:13"}
{"level":"error","message":"Sensor:temp: 20.6°C, humidity: 64.2%. Fan: false, Heater: undefined","service":"controller_js","timestamp":"17:53:15"}
{"level":"error","message":"Sensor:temp: 20.6°C, humidity: 64.2%. Fan: false, Heater: undefined","service":"controller_js","timestamp":"17:53:17"}
{"level":"error","message":"Sensor:temp: 20.6°C, humidity: 64.2%. Fan: false, Heater: undefined","service":"controller_js","timestamp":"17:53:19"}
{"level":"error","message":"Sensor:temp: 20.6°C, humidity: 64.2%. Fan: false, Heater: undefined","service":"controller_js","timestamp":"17:53:21"}
{"level":"error","message":"Sensor:temp: 20.6°C, humidity: 64.2%. Fan: false, Heater: undefined","service":"controller_js","timestamp":"17:53:23"}
{"level":"error","message":"Sensor:temp: 20.6°C, humidity: 64.2%. Fan: false, Heater: undefined","service":"controller_js","timestamp":"17:53:25"}
{"level":"error","message":"Sensor:temp: 20.6°C, humidity: 64.2%. Fan: false, Heater: undefined","service":"controller_js","timestamp":"17:53:27"}
{"level":"error","message":"Sensor:temp: 20.6°C, humidity: 64.2%. Fan: false, Heater: undefined","service":"controller_js","timestamp":"17:53:29"}
{"level":"error","message":"Sensor:temp: 20.6°C, humidity: 64.2%. Fan: false, Heater: undefined","service":"controller_js","timestamp":"17:53:31"}
{"level":"error","message":"Sensor:temp: 20.6°C, humidity: 64.2%. Fan: true, Heater: undefined","service":"controller_js","timestamp":"17:53:33"}
{"level":"error","message":"Sensor:temp: 20.6°C, humidity: 64.2%. Fan: true, Heater: undefined","service":"controller_js","timestamp":"17:53:35"}
{"level":"error","message":"Sensor:temp: 20.6°C, humidity: 64.2%. Fan: true, Heater: undefined","service":"controller_js","timestamp":"17:53:37"}
{"level":"error","message":"Sensor:temp: 20.6°C, humidity: 64.2%. Fan: true, Heater: undefined","service":"controller_js","timestamp":"17:53:39"}
{"level":"error","message":"Sensor:temp: 20.6°C, humidity: 64.2%. Fan: true, Heater: undefined","service":"controller_js","timestamp":"17:53:41"}
{"level":"error","message":"Sensor:temp: 20.6°C, humidity: 64.2%. Fan: true, Heater: undefined","service":"controller_js","timestamp":"17:53:43"}
{"level":"error","message":"Sensor:temp: 20.6°C, humidity: 64.2%. Fan: true, Heater: undefined","service":"controller_js","timestamp":"17:53:45"}
{"level":"error","message":"Sensor:temp: 20.6°C, humidity: 64.2%. Fan: true, Heater: undefined","service":"controller_js","timestamp":"17:53:47"}
{"level":"error","message":"Sensor:temp: 20.6°C, humidity: 64.2%. Fan: true, Heater: undefined","service":"controller_js","timestamp":"17:53:49"}
{"level":"error","message":"Sensor:temp: 20.6°C, humidity: 64.2%. Fan: true, Heater: undefined","service":"controller_js","timestamp":"17:53:51"}
{"level":"error","message":"Sensor:temp: 20.6°C, humidity: 64.2%. Fan: false, Heater: undefined","service":"controller_js","timestamp":"17:53:53"}
{"level":"error","message":"Sensor:temp: 20.6°C, humidity: 64.2%. Fan: false, Heater: undefined","service":"controller_js","timestamp":"17:53:55"}
{"level":"error","message":"Sensor:temp: 20.6°C, humidity: 64.2%. Fan: false, Heater: undefined","service":"controller_js","timestamp":"17:53:57"}
{"level":"error","message":"Sensor:temp: 20.6°C, humidity: 64.2%. Fan: false, Heater: undefined","service":"controller_js","timestamp":"17:53:59"}
{"level":"error","message":"Sensor:temp: 20.6°C, humidity: 64.2%. Fan: false, Heater: undefined","service":"controller_js","timestamp":"17:54:01"}
{"level":"error","message":"Sensor:temp: 20.6°C, humidity: 64.2%. Fan: false, Heater: undefined","service":"controller_js","timestamp":"17:54:03"}
{"level":"error","message":"Sensor:temp: 20.6°C, humidity: 64.2%. Fan: false, Heater: undefined","service":"controller_js","timestamp":"17:54:05"}
{"level":"error","message":"Sensor:temp: 20.6°C, humidity: 64.2%. Fan: false, Heater: undefined","service":"controller_js","timestamp":"17:54:07"}
{"level":"error","message":"Sensor:temp: 20.6°C, humidity: 64.2%. Fan: false, Heater: undefined","service":"controller_js","timestamp":"17:54:09"}
{"level":"error","message":"Sensor:temp: 20.6°C, humidity: 64.2%. Fan: false, Heater: undefined","service":"controller_js","timestamp":"17:54:11"}
{"level":"error","message":"Sensor:temp: 20.6°C, humidity: 64.2%. Fan: true, Heater: undefined","service":"controller_js","timestamp":"17:54:13"}
{"level":"error","message":"Sensor:temp: 20.6°C, humidity: 64.2%. Fan: true, Heater: undefined","service":"controller_js","timestamp":"17:54:15"}
{"level":"error","message":"Sensor:temp: 20.6°C, humidity: 64.2%. Fan: true, Heater: undefined","service":"controller_js","timestamp":"17:54:17"}
{"level":"error","message":"Sensor:temp: 20.6°C, humidity: 64.2%. Fan: true, Heater: undefined","service":"controller_js","timestamp":"17:54:19"}
{"level":"error","message":"Sensor:temp: 20.6°C, humidity: 64.2%. Fan: true, Heater: undefined","service":"controller_js","timestamp":"17:54:21"}
{"level":"error","message":"Sensor:temp: 20.6°C, humidity: 64.2%. Fan: true, Heater: undefined","service":"controller_js","timestamp":"17:54:23"}
{"level":"error","message":"Sensor:temp: 20.6°C, humidity: 64.2%. Fan: true, Heater: undefined","service":"controller_js","timestamp":"17:54:25"}
{"level":"error","message":"Sensor:temp: 20.6°C, humidity: 64.2%. Fan: true, Heater: undefined","service":"controller_js","timestamp":"17:54:27"}
{"level":"error","message":"Sensor:temp: 20.6°C, humidity: 64.2%. Fan: true, Heater: undefined","service":"controller_js","timestamp":"17:54:29"}
{"level":"error","message":"Sensor:temp: 20.6°C, humidity: 64.2%. Fan: true, Heater: undefined","service":"controller_js","timestamp":"17:54:31"}
{"level":"error","message":"Sensor:temp: 20.6°C, humidity: 64.2%. Fan: false, Heater: undefined","service":"controller_js","timestamp":"17:54:33"}
{"level":"error","message":"Sensor:temp: 20.6°C, humidity: 64.2%. Fan: false, Heater: undefined","service":"controller_js","timestamp":"17:54:35"}
{"level":"error","message":"Sensor:temp: 20.6°C, humidity: 64.2%. Fan: false, Heater: undefined","service":"controller_js","timestamp":"17:54:37"}
{"level":"error","message":"Sensor:temp: 20.6°C, humidity: 64.2%. Fan: false, Heater: undefined","service":"controller_js","timestamp":"17:54:39"}
{"level":"error","message":"Sensor:temp: 20.6°C, humidity: 64.2%. Fan: false, Heater: undefined","service":"controller_js","timestamp":"17:54:41"}
{"level":"error","message":"Sensor:temp: 20.6°C, humidity: 64.2%. Fan: false, Heater: undefined","service":"controller_js","timestamp":"17:54:43"}
{"level":"error","message":"Sensor:temp: 20.6°C, humidity: 64.2%. Fan: false, Heater: undefined","service":"controller_js","timestamp":"17:54:45"}
{"level":"error","message":"Sensor:temp: 20.6°C, humidity: 64.2%. Fan: false, Heater: undefined","service":"controller_js","timestamp":"17:54:47"}
{"level":"error","message":"Sensor:temp: 20.6°C, humidity: 64.2%. Fan: false, Heater: undefined","service":"controller_js","timestamp":"17:54:49"}
{"level":"error","message":"Sensor:temp: 20.6°C, humidity: 64.2%. Fan: false, Heater: undefined","service":"controller_js","timestamp":"17:54:51"}
{"level":"error","message":"Sensor:temp: 20.6°C, humidity: 64.2%. Fan: true, Heater: undefined","service":"controller_js","timestamp":"17:54:53"}
{"level":"error","message":"Sensor:temp: 20.6°C, humidity: 64.2%. Fan: true, Heater: undefined","service":"controller_js","timestamp":"17:54:55"}
{"level":"error","message":"Sensor:temp: 20.6°C, humidity: 64.2%. Fan: true, Heater: undefined","service":"controller_js","timestamp":"17:54:57"}
{"level":"error","message":"Sensor:temp: 20.6°C, humidity: 64.2%. Fan: true, Heater: undefined","service":"controller_js","timestamp":"17:54:59"}
{"level":"error","message":"Sensor:temp: 20.6°C, humidity: 64.2%. Fan: true, Heater: undefined","service":"controller_js","timestamp":"17:55:01"}
{"level":"error","message":"Sensor:temp: 20.6°C, humidity: 64.2%. Fan: true, Heater: undefined","service":"controller_js","timestamp":"17:55:03"}
{"level":"error","message":"Sensor:temp: 20.6°C, humidity: 64.2%. Fan: true, Heater: undefined","service":"controller_js","timestamp":"17:55:05"}
{"level":"error","message":"Sensor:temp: 20.6°C, humidity: 64.2%. Fan: true, Heater: undefined","service":"controller_js","timestamp":"17:55:07"}
{"level":"error","message":"Sensor:temp: 20.6°C, humidity: 64.2%. Fan: true, Heater: undefined","service":"controller_js","timestamp":"17:55:09"}
{"level":"error","message":"Sensor:temp: 20.6°C, humidity: 64.2%. Fan: true, Heater: undefined","service":"controller_js","timestamp":"17:55:11"}
{"level":"error","message":"Sensor:temp: 20.6°C, humidity: 64.2%. Fan: false, Heater: undefined","service":"controller_js","timestamp":"17:55:13"}
{"level":"error","message":"Sensor:temp: 20.6°C, humidity: 64.2%. Fan: false, Heater: undefined","service":"controller_js","timestamp":"17:55:15"}
{"level":"error","message":"Sensor:temp: 20.6°C, humidity: 64.2%. Fan: false, Heater: undefined","service":"controller_js","timestamp":"17:55:17"}
{"level":"error","message":"Sensor:temp: 20.6°C, humidity: 64.2%. Fan: false, Heater: undefined","service":"controller_js","timestamp":"17:55:19"}
{"level":"error","message":"Sensor:temp: 20.6°C, humidity: 64.2%. Fan: false, Heater: undefined","service":"controller_js","timestamp":"17:55:21"}
{"level":"error","message":"Sensor:temp: 20.6°C, humidity: 64.2%. Fan: false, Heater: undefined","service":"controller_js","timestamp":"17:55:23"}
{"level":"error","message":"Sensor:temp: 20.6°C, humidity: 64.2%. Fan: false, Heater: undefined","service":"controller_js","timestamp":"17:55:25"}
{"level":"error","message":"Sensor:temp: 20.6°C, humidity: 64.2%. Fan: false, Heater: undefined","service":"controller_js","timestamp":"17:55:27"}
{"level":"error","message":"Sensor:temp: 20.6°C, humidity: 64.2%. Fan: false, Heater: undefined","service":"controller_js","timestamp":"17:55:29"}
{"level":"error","message":"Sensor:temp: 20.6°C, humidity: 64.2%. Fan: false, Heater: undefined","service":"controller_js","timestamp":"17:55:31"}
{"level":"error","message":"Sensor:temp: 20.6°C, humidity: 64.2%. Fan: true, Heater: undefined","service":"controller_js","timestamp":"17:55:33"}
{"level":"error","message":"Sensor:temp: 20.6°C, humidity: 64.2%. Fan: true, Heater: undefined","service":"controller_js","timestamp":"17:55:35"}
{"level":"error","message":"Sensor:temp: 20.6°C, humidity: 64.2%. Fan: true, Heater: undefined","service":"controller_js","timestamp":"17:55:37"}
{"level":"error","message":"Sensor:temp: 20.6°C, humidity: 64.2%. Fan: true, Heater: undefined","service":"controller_js","timestamp":"17:55:39"}
{"level":"error","message":"Sensor:temp: 20.6°C, humidity: 64.2%. Fan: true, Heater: undefined","service":"controller_js","timestamp":"17:55:41"}
{"level":"error","message":"Sensor:temp: 20.6°C, humidity: 64.2%. Fan: true, Heater: undefined","service":"controller_js","timestamp":"17:55:43"}
{"level":"error","message":"Sensor:temp: 20.6°C, humidity: 64.2%. Fan: true, Heater: undefined","service":"controller_js","timestamp":"17:55:45"}
{"level":"error","message":"client connected:[object Object]","timestamp":"2024-10-27 08:19:27"}
{"level":"error","message":"Failed to read from DHT sensor","timestamp":"2024-10-27 08:47:04"}
{"level":"error","message":"Failed to read from DHT sensor","timestamp":"2024-10-27 08:52:08"}
{"level":"error","message":"Failed to read from DHT sensor","timestamp":"2024-10-27 09:00:07"}
{"level":"error","message":"Invalid direction value.","timestamp":"2024-10-27 10:00:42"}
{"level":"error","message":"Invalid direction value.","timestamp":"2024-10-27 10:01:44"}
{"level":"error","message":"Invalid direction value.","timestamp":"2024-10-27 10:05:43"}
{"level":"error","message":"Invalid direction value.","timestamp":"2024-10-27 10:09:54"}
{"level":"error","message":"Invalid direction value.","timestamp":"2024-10-27 10:11:37"}
{"level":"error","message":"client connected:undefined","timestamp":"2024-10-27 20:55:45"}
{"level":"error","message":"client connected:undefined","timestamp":"2024-10-27 20:56:50"}
{"level":"error","message":"client connected:undefined","timestamp":"2024-10-27 20:57:43"}
{"level":"error","message":"client connected:undefined","timestamp":"2024-10-27 20:58:43"}
{"level":"error","message":"client connected:undefined","timestamp":"2024-10-27 20:59:43"}
{"level":"error","message":"client connected:undefined","timestamp":"2024-10-27 21:00:04"}
{"level":"error","message":"client connected:undefined","timestamp":"2024-10-27 21:01:04"}
{"level":"error","message":"client connected:undefined","timestamp":"2024-10-27 21:01:32"}
{"level":"error","message":"client connected:undefined","timestamp":"2024-10-27 21:02:32"}
{"level":"error","message":"client connected:undefined","timestamp":"2024-10-27 21:03:32"}
{"level":"error","message":"client connected:undefined","timestamp":"2024-10-27 21:03:43"}
{"level":"error","message":"client connected:undefined","timestamp":"2024-10-27 21:04:43"}
{"level":"error","message":"client connected:undefined","timestamp":"2024-10-27 21:05:43"}
{"level":"error","message":"client connected:undefined","timestamp":"2024-10-27 21:06:43"}
{"level":"error","message":"client connected:undefined","timestamp":"2024-10-27 21:07:19"}
